2017-09-25 11:02:55 -  - exec CUpdateClientPartner::GetUpdatesList
2017-09-25 11:02:55 -  - exec CUpdateClientPartner::__CollectRequestData
2017-09-25 11:02:55 -  - utf=Y&lang=ru&stable=Y&CANGZIP=Y&SUPD_DBS=MYSQL&XE=N&CLIENT_SITE=new.motorlandgroup.ru&LICENSE_KEY=X&SUPD_STS=1&SUPD_URS=0&SUPD_URSA=1&TYPENC=D&CLIENT_PHPVER=5.4.43&NGINX=Y&dbv=5.5.44&instm=main%2C17.0.9%2CY%3Bfileman%2C17.5.0%2CN%3Bperfmon%2C17.0.0%2CN%3Bbitrix.sitecorporate%2C15.5.0%2CN%3Bclouds%2C17.0.0%2CN%3Bsearch%2C17.0.1%2CN%3Bcompression%2C16.0.0%2CN%3Bsocialservices%2C17.1.4%2CN%3Btranslate%2C15.0.0%2CN%3Bthebrainstech.copyiblock%2C1.1.0%2CN%3Biblock%2C17.0.9%2CN%3Bb24connector%2C17.0.1%2CN%3Bhighloadblock%2C17.0.2%2CN%3Bseo%2C17.0.6%2CN%3Bbitrixcloud%2C17.0.0%2CN&reqm=bitrix.sitecorporate%2Cthebrainstech.copyiblock%2Cartrix.imageoptimizer&SUPD_SRS=RU&SUPD_CMP=Y
2017-09-25 11:02:55 -  - exec CUpdateClientPartner::GetHTTPPage
2017-09-25 11:02:57 -  - TIME GetUpdatesList(request) 2.052 sec
2017-09-25 11:02:57 -  - exec CUpdateClientPartner::ParseServerData
2017-09-25 11:03:02 -  - exec CUpdateClientPartner::LoadModulesUpdates
2017-09-25 11:03:02 -  - exec CUpdateClientPartner::__CollectRequestData
2017-09-25 11:03:02 -  - utf=Y&lang=ru&stable=Y&CANGZIP=Y&SUPD_DBS=MYSQL&XE=N&CLIENT_SITE=new.motorlandgroup.ru&LICENSE_KEY=X&SUPD_STS=1&SUPD_URS=0&SUPD_URSA=1&TYPENC=D&CLIENT_PHPVER=5.4.43&NGINX=Y&dbv=5.5.44&instm=main%2C17.0.9%2CY%3Bfileman%2C17.5.0%2CN%3Bperfmon%2C17.0.0%2CN%3Bbitrix.sitecorporate%2C15.5.0%2CN%3Bclouds%2C17.0.0%2CN%3Bsearch%2C17.0.1%2CN%3Bcompression%2C16.0.0%2CN%3Bsocialservices%2C17.1.4%2CN%3Btranslate%2C15.0.0%2CN%3Bthebrainstech.copyiblock%2C1.1.0%2CN%3Biblock%2C17.0.9%2CN%3Bb24connector%2C17.0.1%2CN%3Bhighloadblock%2C17.0.2%2CN%3Bseo%2C17.0.6%2CN%3Bbitrixcloud%2C17.0.0%2CN&reqm=artrix.imageoptimizer&lim=Y&SUPD_SRS=RU&SUPD_CMP=Y
2017-09-25 11:03:02 -  - exec CUpdateClientPartner::GetHTTPPage
2017-09-25 11:03:03 -  - TIME LoadModulesUpdates(request) 1.551 sec
2017-09-25 11:03:03 -  - exec CUpdateClientPartner::ParseServerData
2017-09-25 11:03:03 - S - STEP
2017-09-25 11:03:03 - LMU01 - LoadModulesUpdates-Step
2017-09-25 11:03:04 -  - exec CUpdateClientPartner::LoadModulesUpdates
2017-09-25 11:03:04 -  - exec CUpdateClientPartner::ParseServerData
2017-09-25 11:03:04 -  - loadFile
2017-09-25 11:03:04 - U - RETURN
2017-09-25 11:03:04 -  - exec CUpdateClientPartner::UnGzipArchive
2017-09-25 11:03:04 -  - TIME UnGzipArchive 0.011 sec
2017-09-25 11:03:04 -  - TIME UpdateStepModules 0.009 sec
2017-09-25 11:03:04 - UPD_SUCCESS - Updated: artrix.imageoptimizer
2017-09-25 11:03:04 -  - exec CUpdateClientPartner::LoadModulesUpdates
2017-09-25 11:03:04 -  - exec CUpdateClientPartner::__CollectRequestData
2017-09-25 11:03:04 -  - utf=Y&lang=ru&stable=Y&CANGZIP=Y&SUPD_DBS=MYSQL&XE=N&CLIENT_SITE=new.motorlandgroup.ru&LICENSE_KEY=X&SUPD_STS=1&SUPD_URS=0&SUPD_URSA=1&TYPENC=D&CLIENT_PHPVER=5.4.43&NGINX=Y&dbv=5.5.44&instm=main%2C17.0.9%2CY%3Bartrix.imageoptimizer%2C1.0.0%2CN%3Bfileman%2C17.5.0%2CN%3Bperfmon%2C17.0.0%2CN%3Bbitrix.sitecorporate%2C15.5.0%2CN%3Bclouds%2C17.0.0%2CN%3Bsearch%2C17.0.1%2CN%3Bcompression%2C16.0.0%2CN%3Bsocialservices%2C17.1.4%2CN%3Btranslate%2C15.0.0%2CN%3Bthebrainstech.copyiblock%2C1.1.0%2CN%3Biblock%2C17.0.9%2CN%3Bb24connector%2C17.0.1%2CN%3Bhighloadblock%2C17.0.2%2CN%3Bseo%2C17.0.6%2CN%3Bbitrixcloud%2C17.0.0%2CN&reqm=artrix.imageoptimizer&lim=Y&SUPD_SRS=RU&SUPD_CMP=Y
2017-09-25 11:03:04 -  - exec CUpdateClientPartner::GetHTTPPage
2017-09-25 11:03:06 -  - TIME LoadModulesUpdates(request) 1.833 sec
2017-09-25 11:03:06 -  - exec CUpdateClientPartner::ParseServerData
2017-09-25 11:03:06 - S - STEP
2017-09-25 11:03:06 - LMU01 - LoadModulesUpdates-Step
2017-09-25 11:03:06 -  - exec CUpdateClientPartner::LoadModulesUpdates
2017-09-25 11:03:06 -  - exec CUpdateClientPartner::ParseServerData
2017-09-25 11:03:06 -  - loadFile
2017-09-25 11:03:06 - U - RETURN
2017-09-25 11:03:06 -  - exec CUpdateClientPartner::UnGzipArchive
2017-09-25 11:03:06 -  - TIME UnGzipArchive 0.01 sec
2017-09-25 11:03:06 - CSURUS1 - Run updater '/bitrix/updates/update_m1506326586/artrix.imageoptimizer/updater1.0.1.php'
2017-09-25 11:03:06 -  - TIME UpdateStepModules 0.011 sec
2017-09-25 11:03:06 - UPD_SUCCESS - Updated: artrix.imageoptimizer (1.0.1)<br>Обновление модуля \"Модуль оптимизации изображений под Google PageSpeed\"
2017-09-25 11:03:06 -  - exec CUpdateClientPartner::LoadModulesUpdates
2017-09-25 11:03:06 -  - exec CUpdateClientPartner::__CollectRequestData
2017-09-25 11:03:06 -  - utf=Y&lang=ru&stable=Y&CANGZIP=Y&SUPD_DBS=MYSQL&XE=N&CLIENT_SITE=new.motorlandgroup.ru&LICENSE_KEY=X&SUPD_STS=1&SUPD_URS=0&SUPD_URSA=1&TYPENC=D&CLIENT_PHPVER=5.4.43&NGINX=Y&dbv=5.5.44&instm=main%2C17.0.9%2CY%3Bartrix.imageoptimizer%2C1.0.1%2CN%3Bfileman%2C17.5.0%2CN%3Bperfmon%2C17.0.0%2CN%3Bbitrix.sitecorporate%2C15.5.0%2CN%3Bclouds%2C17.0.0%2CN%3Bsearch%2C17.0.1%2CN%3Bcompression%2C16.0.0%2CN%3Bsocialservices%2C17.1.4%2CN%3Btranslate%2C15.0.0%2CN%3Bthebrainstech.copyiblock%2C1.1.0%2CN%3Biblock%2C17.0.9%2CN%3Bb24connector%2C17.0.1%2CN%3Bhighloadblock%2C17.0.2%2CN%3Bseo%2C17.0.6%2CN%3Bbitrixcloud%2C17.0.0%2CN&reqm=artrix.imageoptimizer&lim=Y&SUPD_SRS=RU&SUPD_CMP=Y
2017-09-25 11:03:06 -  - exec CUpdateClientPartner::GetHTTPPage
2017-09-25 11:03:07 -  - TIME LoadModulesUpdates(request) 1.123 sec
2017-09-25 11:03:07 -  - exec CUpdateClientPartner::ParseServerData
2017-09-25 11:03:07 - S - STEP
2017-09-25 11:03:07 - LMU01 - LoadModulesUpdates-Step
2017-09-25 11:03:07 -  - exec CUpdateClientPartner::LoadModulesUpdates
2017-09-25 11:03:07 -  - exec CUpdateClientPartner::ParseServerData
2017-09-25 11:03:07 -  - loadFile
2017-09-25 11:03:07 - U - RETURN
2017-09-25 11:03:07 -  - exec CUpdateClientPartner::UnGzipArchive
2017-09-25 11:03:07 -  - TIME UnGzipArchive 0.005 sec
2017-09-25 11:03:07 -  - TIME UpdateStepModules 0.009 sec
2017-09-25 11:03:08 - UPD_SUCCESS - Updated: artrix.imageoptimizer (1.0.2)<br>Обновление модуля \"Модуль оптимизации изображений под Google PageSpeed\": lang файлы
2017-09-25 11:03:08 -  - exec CUpdateClientPartner::LoadModulesUpdates
2017-09-25 11:03:08 -  - exec CUpdateClientPartner::__CollectRequestData
2017-09-25 11:03:08 -  - utf=Y&lang=ru&stable=Y&CANGZIP=Y&SUPD_DBS=MYSQL&XE=N&CLIENT_SITE=new.motorlandgroup.ru&LICENSE_KEY=X&SUPD_STS=1&SUPD_URS=0&SUPD_URSA=1&TYPENC=D&CLIENT_PHPVER=5.4.43&NGINX=Y&dbv=5.5.44&instm=main%2C17.0.9%2CY%3Bartrix.imageoptimizer%2C1.0.2%2CN%3Bfileman%2C17.5.0%2CN%3Bperfmon%2C17.0.0%2CN%3Bbitrix.sitecorporate%2C15.5.0%2CN%3Bclouds%2C17.0.0%2CN%3Bsearch%2C17.0.1%2CN%3Bcompression%2C16.0.0%2CN%3Bsocialservices%2C17.1.4%2CN%3Btranslate%2C15.0.0%2CN%3Bthebrainstech.copyiblock%2C1.1.0%2CN%3Biblock%2C17.0.9%2CN%3Bb24connector%2C17.0.1%2CN%3Bhighloadblock%2C17.0.2%2CN%3Bseo%2C17.0.6%2CN%3Bbitrixcloud%2C17.0.0%2CN&reqm=artrix.imageoptimizer&lim=Y&SUPD_SRS=RU&SUPD_CMP=Y
2017-09-25 11:03:08 -  - exec CUpdateClientPartner::GetHTTPPage
2017-09-25 11:03:09 -  - TIME LoadModulesUpdates(request) 0.936 sec
2017-09-25 11:03:09 -  - exec CUpdateClientPartner::ParseServerData
2017-09-25 11:03:09 - S - STEP
2017-09-25 11:03:09 - LMU01 - LoadModulesUpdates-Step
2017-09-25 11:03:09 -  - exec CUpdateClientPartner::LoadModulesUpdates
2017-09-25 11:03:09 -  - exec CUpdateClientPartner::ParseServerData
2017-09-25 11:03:09 -  - loadFile
2017-09-25 11:03:09 - U - RETURN
2017-09-25 11:03:09 -  - exec CUpdateClientPartner::UnGzipArchive
2017-09-25 11:03:09 -  - TIME UnGzipArchive 0.002 sec
2017-09-25 11:03:09 -  - TIME UpdateStepModules 0.002 sec
2017-09-25 11:03:09 - UPD_SUCCESS - Updated: artrix.imageoptimizer (1.0.3)<br>Обновление модуля \"Модуль оптимизации изображений под Google PageSpeed\": lang файлы
2017-09-25 11:03:09 -  - exec CUpdateClientPartner::LoadModulesUpdates
2017-09-25 11:03:09 -  - exec CUpdateClientPartner::__CollectRequestData
2017-09-25 11:03:09 -  - utf=Y&lang=ru&stable=Y&CANGZIP=Y&SUPD_DBS=MYSQL&XE=N&CLIENT_SITE=new.motorlandgroup.ru&LICENSE_KEY=X&SUPD_STS=1&SUPD_URS=0&SUPD_URSA=1&TYPENC=D&CLIENT_PHPVER=5.4.43&NGINX=Y&dbv=5.5.44&instm=main%2C17.0.9%2CY%3Bartrix.imageoptimizer%2C1.0.3%2CN%3Bfileman%2C17.5.0%2CN%3Bperfmon%2C17.0.0%2CN%3Bbitrix.sitecorporate%2C15.5.0%2CN%3Bclouds%2C17.0.0%2CN%3Bsearch%2C17.0.1%2CN%3Bcompression%2C16.0.0%2CN%3Bsocialservices%2C17.1.4%2CN%3Btranslate%2C15.0.0%2CN%3Bthebrainstech.copyiblock%2C1.1.0%2CN%3Biblock%2C17.0.9%2CN%3Bb24connector%2C17.0.1%2CN%3Bhighloadblock%2C17.0.2%2CN%3Bseo%2C17.0.6%2CN%3Bbitrixcloud%2C17.0.0%2CN&reqm=artrix.imageoptimizer&lim=Y&SUPD_SRS=RU&SUPD_CMP=Y
2017-09-25 11:03:09 -  - exec CUpdateClientPartner::GetHTTPPage
2017-09-25 11:03:11 -  - TIME LoadModulesUpdates(request) 1.441 sec
2017-09-25 11:03:11 -  - exec CUpdateClientPartner::ParseServerData
2017-09-25 11:03:11 - S - STEP
2017-09-25 11:03:11 - LMU01 - LoadModulesUpdates-Step
2017-09-25 11:03:11 -  - exec CUpdateClientPartner::LoadModulesUpdates
2017-09-25 11:03:11 -  - exec CUpdateClientPartner::ParseServerData
2017-09-25 11:03:11 -  - loadFile
2017-09-25 11:03:11 - U - RETURN
2017-09-25 11:03:11 -  - exec CUpdateClientPartner::UnGzipArchive
2017-09-25 11:03:11 -  - TIME UnGzipArchive 0.004 sec
2017-09-25 11:03:11 - CSURUS1 - Run updater '/bitrix/updates/update_m1506326591/artrix.imageoptimizer/updater1.0.4.php'
2017-09-25 11:03:11 -  - TIME UpdateStepModules 0.01 sec
2017-09-25 11:03:11 - UPD_SUCCESS - Updated: artrix.imageoptimizer (1.0.4)<br>1) Подсчет изображений до начала обработки 2) Улучшен алгоритм поиска изображений 3) Библиотека CURL теперь необязательна 4) Увеличена скорость обработки изображений
2017-09-25 11:03:11 -  - exec CUpdateClientPartner::LoadModulesUpdates
2017-09-25 11:03:11 -  - exec CUpdateClientPartner::__CollectRequestData
2017-09-25 11:03:11 -  - utf=Y&lang=ru&stable=Y&CANGZIP=Y&SUPD_DBS=MYSQL&XE=N&CLIENT_SITE=new.motorlandgroup.ru&LICENSE_KEY=X&SUPD_STS=1&SUPD_URS=0&SUPD_URSA=1&TYPENC=D&CLIENT_PHPVER=5.4.43&NGINX=Y&dbv=5.5.44&instm=main%2C17.0.9%2CY%3Bartrix.imageoptimizer%2C1.0.4%2CN%3Bfileman%2C17.5.0%2CN%3Bperfmon%2C17.0.0%2CN%3Bbitrix.sitecorporate%2C15.5.0%2CN%3Bclouds%2C17.0.0%2CN%3Bsearch%2C17.0.1%2CN%3Bcompression%2C16.0.0%2CN%3Bsocialservices%2C17.1.4%2CN%3Btranslate%2C15.0.0%2CN%3Bthebrainstech.copyiblock%2C1.1.0%2CN%3Biblock%2C17.0.9%2CN%3Bb24connector%2C17.0.1%2CN%3Bhighloadblock%2C17.0.2%2CN%3Bseo%2C17.0.6%2CN%3Bbitrixcloud%2C17.0.0%2CN&reqm=artrix.imageoptimizer&lim=Y&SUPD_SRS=RU&SUPD_CMP=Y
2017-09-25 11:03:11 -  - exec CUpdateClientPartner::GetHTTPPage
2017-09-25 11:03:13 -  - TIME LoadModulesUpdates(request) 1.637 sec
2017-09-25 11:03:13 -  - exec CUpdateClientPartner::ParseServerData
2017-09-25 11:03:13 - S - STEP
2017-09-25 11:03:13 - LMU01 - LoadModulesUpdates-Step
2017-09-25 11:03:13 -  - exec CUpdateClientPartner::LoadModulesUpdates
2017-09-25 11:03:13 -  - exec CUpdateClientPartner::ParseServerData
2017-09-25 11:03:13 -  - loadFile
2017-09-25 11:03:13 - U - RETURN
2017-09-25 11:03:13 -  - exec CUpdateClientPartner::UnGzipArchive
2017-09-25 11:03:13 -  - TIME UnGzipArchive 0.001 sec
2017-09-25 11:03:13 -  - TIME UpdateStepModules 0.005 sec
2017-09-25 11:03:13 - UPD_SUCCESS - Updated: artrix.imageoptimizer (1.0.5)<br>Обновление модуля \"Модуль оптимизации изображений под Google PageSpeed\": ошибка редактирования параметров настройки
2017-09-25 11:03:13 -  - exec CUpdateClientPartner::LoadModulesUpdates
2017-09-25 11:03:13 -  - exec CUpdateClientPartner::__CollectRequestData
2017-09-25 11:03:13 -  - utf=Y&lang=ru&stable=Y&CANGZIP=Y&SUPD_DBS=MYSQL&XE=N&CLIENT_SITE=new.motorlandgroup.ru&LICENSE_KEY=X&SUPD_STS=1&SUPD_URS=0&SUPD_URSA=1&TYPENC=D&CLIENT_PHPVER=5.4.43&NGINX=Y&dbv=5.5.44&instm=main%2C17.0.9%2CY%3Bartrix.imageoptimizer%2C1.0.5%2CN%3Bfileman%2C17.5.0%2CN%3Bperfmon%2C17.0.0%2CN%3Bbitrix.sitecorporate%2C15.5.0%2CN%3Bclouds%2C17.0.0%2CN%3Bsearch%2C17.0.1%2CN%3Bcompression%2C16.0.0%2CN%3Bsocialservices%2C17.1.4%2CN%3Btranslate%2C15.0.0%2CN%3Bthebrainstech.copyiblock%2C1.1.0%2CN%3Biblock%2C17.0.9%2CN%3Bb24connector%2C17.0.1%2CN%3Bhighloadblock%2C17.0.2%2CN%3Bseo%2C17.0.6%2CN%3Bbitrixcloud%2C17.0.0%2CN&reqm=artrix.imageoptimizer&lim=Y&SUPD_SRS=RU&SUPD_CMP=Y
2017-09-25 11:03:13 -  - exec CUpdateClientPartner::GetHTTPPage
2017-09-25 11:03:15 -  - TIME LoadModulesUpdates(request) 1.902 sec
2017-09-25 11:03:15 -  - exec CUpdateClientPartner::ParseServerData
2017-09-25 11:03:15 - S - STEP
2017-09-25 11:03:15 - LMU01 - LoadModulesUpdates-Step
2017-09-25 11:03:15 -  - exec CUpdateClientPartner::LoadModulesUpdates
2017-09-25 11:03:15 -  - exec CUpdateClientPartner::ParseServerData
2017-09-25 11:03:15 -  - loadFile
2017-09-25 11:03:15 - U - RETURN
2017-09-25 11:03:15 -  - exec CUpdateClientPartner::UnGzipArchive
2017-09-25 11:03:15 -  - TIME UnGzipArchive 0.003 sec
2017-09-25 11:03:15 -  - TIME UpdateStepModules 0.007 sec
2017-09-25 11:03:15 - UPD_SUCCESS - Updated: artrix.imageoptimizer (1.0.6)<br>Обновление модуля \"Модуль оптимизации изображений под Google PageSpeed\": ошибка lang-файла
2017-09-25 11:03:15 -  - exec CUpdateClientPartner::LoadModulesUpdates
2017-09-25 11:03:15 -  - exec CUpdateClientPartner::__CollectRequestData
2017-09-25 11:03:15 -  - utf=Y&lang=ru&stable=Y&CANGZIP=Y&SUPD_DBS=MYSQL&XE=N&CLIENT_SITE=new.motorlandgroup.ru&LICENSE_KEY=X&SUPD_STS=1&SUPD_URS=0&SUPD_URSA=1&TYPENC=D&CLIENT_PHPVER=5.4.43&NGINX=Y&dbv=5.5.44&instm=main%2C17.0.9%2CY%3Bartrix.imageoptimizer%2C1.0.6%2CN%3Bfileman%2C17.5.0%2CN%3Bperfmon%2C17.0.0%2CN%3Bbitrix.sitecorporate%2C15.5.0%2CN%3Bclouds%2C17.0.0%2CN%3Bsearch%2C17.0.1%2CN%3Bcompression%2C16.0.0%2CN%3Bsocialservices%2C17.1.4%2CN%3Btranslate%2C15.0.0%2CN%3Bthebrainstech.copyiblock%2C1.1.0%2CN%3Biblock%2C17.0.9%2CN%3Bb24connector%2C17.0.1%2CN%3Bhighloadblock%2C17.0.2%2CN%3Bseo%2C17.0.6%2CN%3Bbitrixcloud%2C17.0.0%2CN&reqm=artrix.imageoptimizer&lim=Y&SUPD_SRS=RU&SUPD_CMP=Y
2017-09-25 11:03:15 -  - exec CUpdateClientPartner::GetHTTPPage
2017-09-25 11:03:16 -  - TIME LoadModulesUpdates(request) 0.755 sec
2017-09-25 11:03:16 -  - exec CUpdateClientPartner::ParseServerData
2017-09-25 11:03:16 - STEP - Finish - NOUPDATES
2017-09-25 11:03:16 - STEP - Finish - NOUPDATES
2017-09-25 11:03:18 -  - exec CUpdateClientPartner::GetUpdatesList
2017-09-25 11:03:18 -  - exec CUpdateClientPartner::__CollectRequestData
2017-09-25 11:03:18 -  - utf=Y&lang=ru&stable=Y&CANGZIP=Y&SUPD_DBS=MYSQL&XE=N&CLIENT_SITE=new.motorlandgroup.ru&LICENSE_KEY=X&SUPD_STS=1&SUPD_URS=0&SUPD_URSA=1&TYPENC=D&CLIENT_PHPVER=5.4.43&NGINX=Y&dbv=5.5.44&instm=main%2C17.0.9%2CY%3Bartrix.imageoptimizer%2C1.0.6%2CN%3Bfileman%2C17.5.0%2CN%3Bperfmon%2C17.0.0%2CN%3Bbitrix.sitecorporate%2C15.5.0%2CN%3Bclouds%2C17.0.0%2CN%3Bsearch%2C17.0.1%2CN%3Bcompression%2C16.0.0%2CN%3Bsocialservices%2C17.1.4%2CN%3Btranslate%2C15.0.0%2CN%3Bthebrainstech.copyiblock%2C1.1.0%2CN%3Biblock%2C17.0.9%2CN%3Bb24connector%2C17.0.1%2CN%3Bhighloadblock%2C17.0.2%2CN%3Bseo%2C17.0.6%2CN%3Bbitrixcloud%2C17.0.0%2CN&reqm=artrix.imageoptimizer%2Cbitrix.sitecorporate%2Cthebrainstech.copyiblock&fullmoduleinfo=Y&SUPD_SRS=RU&SUPD_CMP=Y
2017-09-25 11:03:18 -  - exec CUpdateClientPartner::GetHTTPPage
2017-09-25 11:03:18 -  - TIME GetUpdatesList(request) 0.657 sec
2017-09-25 11:03:18 -  - exec CUpdateClientPartner::ParseServerData
2017-09-25 11:03:18 -  - exec CUpdateClientPartner::GetUpdatesList
2017-09-25 11:03:18 -  - exec CUpdateClientPartner::__CollectRequestData
2017-09-25 11:03:18 -  - utf=Y&lang=ru&stable=Y&CANGZIP=Y&SUPD_DBS=MYSQL&XE=N&CLIENT_SITE=new.motorlandgroup.ru&LICENSE_KEY=X&SUPD_STS=1&SUPD_URS=0&SUPD_URSA=1&TYPENC=D&CLIENT_PHPVER=5.4.43&NGINX=Y&dbv=5.5.44&instm=main%2C17.0.9%2CY%3Bartrix.imageoptimizer%2C1.0.6%2CN%3Bfileman%2C17.5.0%2CN%3Bperfmon%2C17.0.0%2CN%3Bbitrix.sitecorporate%2C15.5.0%2CN%3Bclouds%2C17.0.0%2CN%3Bsearch%2C17.0.1%2CN%3Bcompression%2C16.0.0%2CN%3Bsocialservices%2C17.1.4%2CN%3Btranslate%2C15.0.0%2CN%3Bthebrainstech.copyiblock%2C1.1.0%2CN%3Biblock%2C17.0.9%2CN%3Bb24connector%2C17.0.1%2CN%3Bhighloadblock%2C17.0.2%2CN%3Bseo%2C17.0.6%2CN%3Bbitrixcloud%2C17.0.0%2CN&reqm=artrix.imageoptimizer%2Cbitrix.sitecorporate%2Cthebrainstech.copyiblock&fullmoduleinfo=Y&SUPD_SRS=RU&SUPD_CMP=Y
2017-09-25 11:03:18 -  - exec CUpdateClientPartner::GetHTTPPage
2017-09-25 11:03:19 -  - TIME GetUpdatesList(request) 0.718 sec
2017-09-25 11:03:19 -  - exec CUpdateClientPartner::ParseServerData
2017-09-26 16:11:11 -  - exec CUpdateClientPartner::GetUpdatesList
2017-09-26 16:11:11 -  - exec CUpdateClientPartner::__CollectRequestData
2017-09-26 16:11:11 -  - utf=Y&lang=ru&stable=Y&CANGZIP=Y&SUPD_DBS=MYSQL&XE=N&CLIENT_SITE=new.motorlandgroup.ru&LICENSE_KEY=X&SUPD_STS=1&SUPD_URS=0&SUPD_URSA=1&TYPENC=D&CLIENT_PHPVER=5.4.43&NGINX=Y&dbv=5.5.44&instm=main%2C17.0.9%2CY%3Bartrix.imageoptimizer%2C1.0.6%2CN%3Bfileman%2C17.5.0%2CN%3Bperfmon%2C17.0.0%2CN%3Bbitrix.sitecorporate%2C15.5.0%2CN%3Bclouds%2C17.0.0%2CN%3Bsearch%2C17.0.1%2CN%3Bcompression%2C16.0.0%2CN%3Bsocialservices%2C17.1.4%2CN%3Btranslate%2C15.0.0%2CN%3Bthebrainstech.copyiblock%2C1.1.0%2CN%3Biblock%2C17.0.9%2CN%3Bb24connector%2C17.0.1%2CN%3Bhighloadblock%2C17.0.2%2CN%3Bseo%2C17.0.6%2CN%3Bbitrixcloud%2C17.0.0%2CN&reqm=artrix.imageoptimizer%2Cbitrix.sitecorporate%2Cthebrainstech.copyiblock&fullmoduleinfo=Y&SUPD_SRS=RU&SUPD_CMP=N
2017-09-26 16:11:11 -  - exec CUpdateClientPartner::GetHTTPPage
2017-09-26 16:11:28 -  - TIME GetUpdatesList(request) 16.282 sec
2017-09-26 16:11:28 -  - exec CUpdateClientPartner::ParseServerData
2017-09-26 16:11:28 -  - exec CUpdateClientPartner::GetUpdatesList
2017-09-26 16:11:28 -  - exec CUpdateClientPartner::__CollectRequestData
2017-09-26 16:11:28 -  - utf=Y&lang=ru&stable=Y&CANGZIP=Y&SUPD_DBS=MYSQL&XE=N&CLIENT_SITE=new.motorlandgroup.ru&LICENSE_KEY=X&SUPD_STS=1&SUPD_URS=0&SUPD_URSA=1&TYPENC=D&CLIENT_PHPVER=5.4.43&NGINX=Y&dbv=5.5.44&instm=main%2C17.0.9%2CY%3Bartrix.imageoptimizer%2C1.0.6%2CN%3Bfileman%2C17.5.0%2CN%3Bperfmon%2C17.0.0%2CN%3Bbitrix.sitecorporate%2C15.5.0%2CN%3Bclouds%2C17.0.0%2CN%3Bsearch%2C17.0.1%2CN%3Bcompression%2C16.0.0%2CN%3Bsocialservices%2C17.1.4%2CN%3Btranslate%2C15.0.0%2CN%3Bthebrainstech.copyiblock%2C1.1.0%2CN%3Biblock%2C17.0.9%2CN%3Bb24connector%2C17.0.1%2CN%3Bhighloadblock%2C17.0.2%2CN%3Bseo%2C17.0.6%2CN%3Bbitrixcloud%2C17.0.0%2CN&reqm=artrix.imageoptimizer%2Cbitrix.sitecorporate%2Cthebrainstech.copyiblock&fullmoduleinfo=Y&SUPD_SRS=RU&SUPD_CMP=N
2017-09-26 16:11:28 -  - exec CUpdateClientPartner::GetHTTPPage
2017-09-26 16:11:28 -  - TIME GetUpdatesList(request) 0.772 sec
2017-09-26 16:11:28 -  - exec CUpdateClientPartner::ParseServerData
2017-09-26 16:11:29 -  - exec CUpdateClientPartner::GetUpdatesList
2017-09-26 16:11:29 -  - exec CUpdateClientPartner::__CollectRequestData
2017-09-26 16:11:29 -  - utf=Y&lang=ru&stable=Y&CANGZIP=Y&SUPD_DBS=MYSQL&XE=N&CLIENT_SITE=new.motorlandgroup.ru&LICENSE_KEY=X&SUPD_STS=1&SUPD_URS=0&SUPD_URSA=1&TYPENC=D&CLIENT_PHPVER=5.4.43&NGINX=Y&dbv=5.5.44&instm=main%2C17.0.9%2CY%3Bartrix.imageoptimizer%2C1.0.6%2CN%3Bfileman%2C17.5.0%2CN%3Bperfmon%2C17.0.0%2CN%3Bbitrix.sitecorporate%2C15.5.0%2CN%3Bclouds%2C17.0.0%2CN%3Bsearch%2C17.0.1%2CN%3Bcompression%2C16.0.0%2CN%3Bsocialservices%2C17.1.4%2CN%3Btranslate%2C15.0.0%2CN%3Bthebrainstech.copyiblock%2C1.1.0%2CN%3Biblock%2C17.0.9%2CN%3Bb24connector%2C17.0.1%2CN%3Bhighloadblock%2C17.0.2%2CN%3Bseo%2C17.0.6%2CN%3Bbitrixcloud%2C17.0.0%2CN&reqm=artrix.imageoptimizer%2Cbitrix.sitecorporate%2Cthebrainstech.copyiblock&fullmoduleinfo=Y&SUPD_SRS=RU&SUPD_CMP=N
2017-09-26 16:11:29 -  - exec CUpdateClientPartner::GetHTTPPage
2017-09-26 16:11:30 -  - TIME GetUpdatesList(request) 0.649 sec
2017-09-26 16:11:30 -  - exec CUpdateClientPartner::ParseServerData
