2017-09-25 11:03:06 - CRUPDCDF1 - Run updater '/bitrix/updates/update_m1506326586/artrix.imageoptimizer/updater1.0.1.php': CopyDirFiles(install/tools, /bitrix/tools)
2017-09-25 11:03:11 - CRUPDCDF1 - Run updater '/bitrix/updates/update_m1506326591/artrix.imageoptimizer/updater1.0.4.php': CopyDirFiles(install/tools, /bitrix/tools)
2017-09-25 11:03:11 - CRUPDCDF1 - Run updater '/bitrix/updates/update_m1506326591/artrix.imageoptimizer/updater1.0.4.php': CopyDirFiles(install/css, /bitrix/css)
2017-09-26 16:11:29 -  - exec CUpdateClient::GetUpdatesList
2017-09-26 16:11:29 -  - exec CUpdateClient::CollectRequestData
2017-09-26 16:11:29 -  - LICENSE_KEY=X&lang=ru&SUPD_VER=17.0.7&VERSION=17.0.9&TYPENC=D&SUPD_STS=1&SUPD_URS=0&SUPD_DBS=MYSQL&XE=N&CLIENT_SITE=new.motorlandgroup.ru&CHHB=new.motorlandgroup.ru&CSAB=188.166.108.34&SUID=8f8d3e74bc5757c6cd3ae706c31e8f8c&CANGZIP=Y&CLIENT_PHPVER=5.4.43&stable=Y&NGINX=Y&rerere=Y&bitm_main=17.0.9&bitm_fileman=17.5.0&bitm_perfmon=17.0.0&bitm_clouds=17.0.0&bitm_search=17.0.1&bitm_compression=16.0.0&bitm_socialservices=17.1.4&bitm_translate=15.0.0&bitm_iblock=17.0.9&bitm_b24connector=17.0.1&bitm_highloadblock=17.0.2&bitm_seo=17.0.6&bitm_bitrixcloud=17.0.0&bitl_en=&bitl_ru=&SUPD_SRS=RU&SUPD_CMP=N&SALE_15=Y
2017-09-26 16:11:29 -  - exec CUpdateClient::GetHTTPPage
2017-09-26 16:11:29 -  - TIME GetUpdatesList(request) 0.283 sec
2017-09-26 16:11:29 -  - exec CUpdateClient::ParseServerData
2017-10-06 10:14:20 -  - exec CUpdateClient::GetUpdatesList
2017-10-06 10:14:20 -  - exec CUpdateClient::CollectRequestData
2017-10-06 10:14:20 -  - LICENSE_KEY=X&lang=ru&SUPD_VER=17.0.7&VERSION=17.0.9&TYPENC=D&SUPD_STS=1&SUPD_URS=0&SUPD_DBS=MYSQL&XE=N&CLIENT_SITE=motorlandgroup.ru&CHHB=motorlandgroup.ru&CSAB=188.166.108.34&SUID=8f8d3e74bc5757c6cd3ae706c31e8f8c&CANGZIP=Y&CLIENT_PHPVER=5.4.43&stable=Y&NGINX=Y&rerere=Y&bitm_main=17.0.9&bitm_fileman=17.5.0&bitm_perfmon=17.0.0&bitm_clouds=17.0.0&bitm_search=17.0.1&bitm_compression=16.0.0&bitm_socialservices=17.1.4&bitm_translate=15.0.0&bitm_iblock=17.0.9&bitm_b24connector=17.0.1&bitm_highloadblock=17.0.2&bitm_seo=17.0.6&bitm_bitrixcloud=17.0.0&bitl_en=&bitl_ru=&SUPD_SRS=RU&SUPD_CMP=Y&SALE_15=Y
2017-10-06 10:14:20 -  - exec CUpdateClient::GetHTTPPage
2017-10-06 10:14:20 -  - TIME GetUpdatesList(request) 0.249 sec
2017-10-06 10:14:20 -  - exec CUpdateClient::ParseServerData
2017-10-06 10:28:50 -  - exec CUpdateClient::GetUpdatesList
2017-10-06 10:28:50 -  - exec CUpdateClient::CollectRequestData
2017-10-06 10:28:50 -  - LICENSE_KEY=X&lang=ru&SUPD_VER=17.0.7&VERSION=17.0.9&TYPENC=D&SUPD_STS=1&SUPD_URS=0&SUPD_DBS=MYSQL&XE=N&CLIENT_SITE=motorlandgroup.ru&CHHB=motorlandgroup.ru&CSAB=188.166.108.34&SUID=8f8d3e74bc5757c6cd3ae706c31e8f8c&CANGZIP=Y&CLIENT_PHPVER=5.4.43&stable=Y&NGINX=Y&rerere=Y&bitm_main=17.0.9&bitm_fileman=17.5.0&bitm_perfmon=17.0.0&bitm_clouds=17.0.0&bitm_search=17.0.1&bitm_compression=16.0.0&bitm_socialservices=17.1.4&bitm_translate=15.0.0&bitm_iblock=17.0.9&bitm_b24connector=17.0.1&bitm_highloadblock=17.0.2&bitm_seo=17.0.6&bitm_bitrixcloud=17.0.0&bitl_en=&bitl_ru=&SUPD_SRS=RU&SUPD_CMP=Y&SALE_15=Y
2017-10-06 10:28:50 -  - exec CUpdateClient::GetHTTPPage
2017-10-06 10:28:50 -  - TIME GetUpdatesList(request) 0.113 sec
2017-10-06 10:28:50 -  - exec CUpdateClient::ParseServerData
2017-10-06 10:28:56 -  - exec CUpdateClient::GetUpdatesList
2017-10-06 10:28:56 -  - exec CUpdateClient::CollectRequestData
2017-10-06 10:28:56 -  - LICENSE_KEY=X&lang=ru&SUPD_VER=17.0.7&VERSION=17.0.9&TYPENC=D&SUPD_STS=1&SUPD_URS=0&SUPD_DBS=MYSQL&XE=N&CLIENT_SITE=motorlandgroup.ru&CHHB=motorlandgroup.ru&CSAB=188.166.108.34&SUID=8f8d3e74bc5757c6cd3ae706c31e8f8c&CANGZIP=Y&CLIENT_PHPVER=5.4.43&stable=Y&NGINX=Y&rerere=Y&bitm_main=17.0.9&bitm_fileman=17.5.0&bitm_perfmon=17.0.0&bitm_clouds=17.0.0&bitm_search=17.0.1&bitm_compression=16.0.0&bitm_socialservices=17.1.4&bitm_translate=15.0.0&bitm_iblock=17.0.9&bitm_b24connector=17.0.1&bitm_highloadblock=17.0.2&bitm_seo=17.0.6&bitm_bitrixcloud=17.0.0&bitl_en=&bitl_ru=&SUPD_SRS=RU&SUPD_CMP=Y&SALE_15=Y
2017-10-06 10:28:56 -  - exec CUpdateClient::GetHTTPPage
2017-10-06 10:28:56 -  - TIME GetUpdatesList(request) 0.109 sec
2017-10-06 10:28:56 -  - exec CUpdateClient::ParseServerData
2017-10-06 10:29:03 -  - exec CUpdateClient::UpdateUpdate
2017-10-06 10:29:03 -  - exec CUpdateClient::CollectRequestData
2017-10-06 10:29:03 -  - LICENSE_KEY=X&lang=ru&SUPD_VER=17.0.7&VERSION=17.0.9&TYPENC=D&SUPD_STS=1&SUPD_URS=0&SUPD_DBS=MYSQL&XE=N&CLIENT_SITE=motorlandgroup.ru&CHHB=motorlandgroup.ru&CSAB=188.166.108.34&SUID=8f8d3e74bc5757c6cd3ae706c31e8f8c&CANGZIP=Y&CLIENT_PHPVER=5.4.43&stable=Y&NGINX=Y&rerere=Y&bitm_main=17.0.9&bitm_fileman=17.5.0&bitm_perfmon=17.0.0&bitm_clouds=17.0.0&bitm_search=17.0.1&bitm_compression=16.0.0&bitm_socialservices=17.1.4&bitm_translate=15.0.0&bitm_iblock=17.0.9&bitm_b24connector=17.0.1&bitm_highloadblock=17.0.2&bitm_seo=17.0.6&bitm_bitrixcloud=17.0.0&bitl_en=&bitl_ru=&SUPD_SRS=RU&SUPD_CMP=Y&SALE_15=Y&query_type=updateupdate
2017-10-06 10:29:03 -  - exec CUpdateClient::GetHTTPPage
2017-10-06 10:29:06 -  - TIME UpdateUpdate(request) 2.145 sec
2017-10-06 10:29:06 -  - exec CUpdateClient::UnGzipArchive
2017-10-06 10:29:06 -  - TIME UnGzipArchive 0.016 sec
2017-10-06 10:29:06 -  - exec CUpdateClient::ParseServerData
2017-10-06 10:29:06 - CURV - Update updated successfully!
2017-10-06 10:29:06 - UPD_SUCCESS - Update system updated
2017-10-06 10:29:06 -  - exec CUpdateClient::GetUpdatesList
2017-10-06 10:29:06 -  - exec CUpdateClient::CollectRequestData
2017-10-06 10:29:06 -  - LICENSE_KEY=X&lang=ru&SUPD_VER=17.1.0&VERSION=17.0.9&TYPENC=D&SUPD_STS=1&SUPD_URS=0&SUPD_DBS=MYSQL&XE=N&CLIENT_SITE=motorlandgroup.ru&CHHB=motorlandgroup.ru&CSAB=188.166.108.34&SUID=8f8d3e74bc5757c6cd3ae706c31e8f8c&CANGZIP=Y&CLIENT_PHPVER=5.4.43&stable=Y&NGINX=Y&rerere=Y&bitm_main=17.0.9&bitm_fileman=17.5.0&bitm_perfmon=17.0.0&bitm_clouds=17.0.0&bitm_search=17.0.1&bitm_compression=16.0.0&bitm_socialservices=17.1.4&bitm_translate=15.0.0&bitm_iblock=17.0.9&bitm_b24connector=17.0.1&bitm_highloadblock=17.0.2&bitm_seo=17.0.6&bitm_bitrixcloud=17.0.0&bitl_en=&bitl_ru=&SUPD_SRS=RU&SUPD_CMP=Y&SALE_15=Y
2017-10-06 10:29:06 -  - exec CUpdateClient::GetHTTPPage
2017-10-06 10:29:06 -  - TIME GetUpdatesList(request) 0.149 sec
2017-10-06 10:29:06 -  - exec CUpdateClient::ParseServerData
2017-10-06 10:29:30 -  - exec CUpdateClient::GetUpdatesList
2017-10-06 10:29:30 -  - exec CUpdateClient::CollectRequestData
2017-10-06 10:29:30 -  - LICENSE_KEY=X&lang=ru&SUPD_VER=17.1.0&VERSION=17.0.9&TYPENC=D&SUPD_STS=1&SUPD_URS=0&SUPD_DBS=MYSQL&XE=N&CLIENT_SITE=motorlandgroup.ru&CHHB=motorlandgroup.ru&CSAB=188.166.108.34&SUID=8f8d3e74bc5757c6cd3ae706c31e8f8c&CANGZIP=Y&CLIENT_PHPVER=5.4.43&stable=Y&NGINX=Y&rerere=Y&bitm_main=17.0.9&bitm_fileman=17.5.0&bitm_perfmon=17.0.0&bitm_clouds=17.0.0&bitm_search=17.0.1&bitm_compression=16.0.0&bitm_socialservices=17.1.4&bitm_translate=15.0.0&bitm_iblock=17.0.9&bitm_b24connector=17.0.1&bitm_highloadblock=17.0.2&bitm_seo=17.0.6&bitm_bitrixcloud=17.0.0&bitl_en=&bitl_ru=&SUPD_SRS=RU&SUPD_CMP=Y&SALE_15=Y
2017-10-06 10:29:30 -  - exec CUpdateClient::GetHTTPPage
2017-10-06 10:29:31 -  - TIME GetUpdatesList(request) 0.134 sec
2017-10-06 10:29:31 -  - exec CUpdateClient::ParseServerData
2017-10-06 10:29:31 -  - exec CUpdateClient::executeCounters
2017-10-06 10:29:31 -  - exec CUpdateClient::CollectRequestData
2017-10-06 10:29:31 -  - LICENSE_KEY=X&lang=ru&SUPD_VER=17.1.0&VERSION=17.0.9&TYPENC=D&SUPD_STS=1&SUPD_URS=0&SUPD_DBS=MYSQL&XE=N&CLIENT_SITE=motorlandgroup.ru&CHHB=motorlandgroup.ru&CSAB=188.166.108.34&SUID=8f8d3e74bc5757c6cd3ae706c31e8f8c&CANGZIP=Y&CLIENT_PHPVER=5.4.43&stable=Y&NGINX=Y&rerere=Y&bitm_main=17.0.9&bitm_fileman=17.5.0&bitm_perfmon=17.0.0&bitm_clouds=17.0.0&bitm_search=17.0.1&bitm_compression=16.0.0&bitm_socialservices=17.1.4&bitm_translate=15.0.0&bitm_iblock=17.0.9&bitm_b24connector=17.0.1&bitm_highloadblock=17.0.2&bitm_seo=17.0.6&bitm_bitrixcloud=17.0.0&bitl_en=&bitl_ru=&SUPD_SRS=RU&SUPD_CMP=Y&SALE_15=Y&query_type=counter&cntr_result[157]=X
2017-10-06 10:29:31 -  - exec CUpdateClient::GetHTTPPage
2017-10-06 10:29:31 -  - TIME executeCounters 0.113 sec
2017-10-06 10:29:49 -  - exec CUpdateClient::GetUpdatesList
2017-10-06 10:29:49 -  - exec CUpdateClient::CollectRequestData
2017-10-06 10:29:49 -  - LICENSE_KEY=X&lang=ru&SUPD_VER=17.1.0&VERSION=17.0.9&TYPENC=D&SUPD_STS=1&SUPD_URS=0&SUPD_DBS=MYSQL&XE=N&CLIENT_SITE=motorlandgroup.ru&CHHB=motorlandgroup.ru&CSAB=188.166.108.34&SUID=8f8d3e74bc5757c6cd3ae706c31e8f8c&CANGZIP=Y&CLIENT_PHPVER=5.4.43&stable=Y&NGINX=Y&rerere=Y&bitm_main=17.0.9&bitm_fileman=17.5.0&bitm_perfmon=17.0.0&bitm_clouds=17.0.0&bitm_search=17.0.1&bitm_compression=16.0.0&bitm_socialservices=17.1.4&bitm_translate=15.0.0&bitm_iblock=17.0.9&bitm_b24connector=17.0.1&bitm_highloadblock=17.0.2&bitm_seo=17.0.6&bitm_bitrixcloud=17.0.0&bitl_en=&bitl_ru=&SUPD_SRS=RU&SUPD_CMP=Y&SALE_15=Y
2017-10-06 10:29:49 -  - exec CUpdateClient::GetHTTPPage
2017-10-06 10:29:49 -  - TIME GetUpdatesList(request) 0.148 sec
2017-10-06 10:29:49 -  - exec CUpdateClient::ParseServerData
2017-10-06 10:29:54 -  - exec CUpdateClient::GetUpdatesList
2017-10-06 10:29:54 -  - exec CUpdateClient::CollectRequestData
2017-10-06 10:29:54 -  - LICENSE_KEY=X&lang=ru&SUPD_VER=17.1.0&VERSION=17.0.9&TYPENC=D&SUPD_STS=1&SUPD_URS=0&SUPD_DBS=MYSQL&XE=N&CLIENT_SITE=motorlandgroup.ru&CHHB=motorlandgroup.ru&CSAB=188.166.108.34&SUID=8f8d3e74bc5757c6cd3ae706c31e8f8c&CANGZIP=Y&CLIENT_PHPVER=5.4.43&stable=Y&NGINX=Y&rerere=Y&bitm_main=17.0.9&bitm_fileman=17.5.0&bitm_perfmon=17.0.0&bitm_clouds=17.0.0&bitm_search=17.0.1&bitm_compression=16.0.0&bitm_socialservices=17.1.4&bitm_translate=15.0.0&bitm_iblock=17.0.9&bitm_b24connector=17.0.1&bitm_highloadblock=17.0.2&bitm_seo=17.0.6&bitm_bitrixcloud=17.0.0&bitl_en=&bitl_ru=&SUPD_SRS=RU&SUPD_CMP=Y&SALE_15=Y
2017-10-06 10:29:54 -  - exec CUpdateClient::GetHTTPPage
2017-10-06 10:29:54 -  - TIME GetUpdatesList(request) 0.149 sec
2017-10-06 10:29:54 -  - exec CUpdateClient::ParseServerData
2017-10-06 10:30:02 -  - exec CUpdateClient::LoadModulesUpdates
2017-10-06 10:30:02 -  - exec CUpdateClient::CollectRequestData
2017-10-06 10:30:02 -  - LICENSE_KEY=X&lang=ru&SUPD_VER=17.1.0&VERSION=17.0.9&TYPENC=D&SUPD_STS=1&SUPD_URS=0&SUPD_DBS=MYSQL&XE=N&CLIENT_SITE=motorlandgroup.ru&CHHB=motorlandgroup.ru&CSAB=188.166.108.34&SUID=8f8d3e74bc5757c6cd3ae706c31e8f8c&CANGZIP=Y&CLIENT_PHPVER=5.4.43&stable=Y&NGINX=Y&rerere=Y&bitm_main=17.0.9&bitm_fileman=17.5.0&bitm_perfmon=17.0.0&bitm_clouds=17.0.0&bitm_search=17.0.1&bitm_compression=16.0.0&bitm_socialservices=17.1.4&bitm_translate=15.0.0&bitm_iblock=17.0.9&bitm_b24connector=17.0.1&bitm_highloadblock=17.0.2&bitm_seo=17.0.6&bitm_bitrixcloud=17.0.0&bitl_en=&bitl_ru=&SUPD_SRS=RU&SUPD_CMP=Y&SALE_15=Y
2017-10-06 10:30:02 -  - exec CUpdateClient::GetHTTPPage
2017-10-06 10:30:03 -  - TIME LoadModulesUpdates(request) 0.498 sec
2017-10-06 10:30:03 -  - exec CUpdateClient::ParseServerData
2017-10-06 10:30:03 - S - STEP
2017-10-06 10:30:03 - LMU01 - LoadModulesUpdates-Step
2017-10-06 10:30:03 -  - exec CUpdateClient::LoadModulesUpdates
2017-10-06 10:30:03 -  - exec CUpdateClient::ParseServerData
2017-10-06 10:30:03 -  - loadFile
2017-10-06 10:30:03 - U - RETURN
2017-10-06 10:30:03 -  - exec CUpdateClient::UnGzipArchive
2017-10-06 10:30:03 -  - TIME UnGzipArchive 0.007 sec
2017-10-06 10:30:03 - CSURUS1 - Run updater '/bitrix/updates/update_m1507275003/main/updater17.0.10.php'
2017-10-06 10:30:03 - CRUPDCF1 - Run updater '/bitrix/updates/update_m1507275003/main/updater17.0.10.php': CopyFiles(install/components, components)
2017-10-06 10:30:03 -  - TIME UpdateStepModules 0.013 sec
2017-10-06 10:30:03 - UPD_SUCCESS - Updated: main (17.0.10)<br><li>Исправлена ошибка сохранения выбранного соглашения в параметрах компонента. <li>Исправлена проблема с работоспособностью компонента main.userconsent.request после копирования шаблона компонента. 
2017-10-06 10:30:03 -  - exec CUpdateClient::LoadModulesUpdates
2017-10-06 10:30:03 -  - exec CUpdateClient::CollectRequestData
2017-10-06 10:30:03 -  - LICENSE_KEY=X&lang=ru&SUPD_VER=17.1.0&VERSION=17.0.10&TYPENC=D&SUPD_STS=1&SUPD_URS=0&SUPD_DBS=MYSQL&XE=N&CLIENT_SITE=motorlandgroup.ru&CHHB=motorlandgroup.ru&CSAB=188.166.108.34&SUID=8f8d3e74bc5757c6cd3ae706c31e8f8c&CANGZIP=Y&CLIENT_PHPVER=5.4.43&stable=Y&NGINX=Y&rerere=Y&bitm_main=17.0.10&bitm_fileman=17.5.0&bitm_perfmon=17.0.0&bitm_clouds=17.0.0&bitm_search=17.0.1&bitm_compression=16.0.0&bitm_socialservices=17.1.4&bitm_translate=15.0.0&bitm_iblock=17.0.9&bitm_b24connector=17.0.1&bitm_highloadblock=17.0.2&bitm_seo=17.0.6&bitm_bitrixcloud=17.0.0&bitl_en=&bitl_ru=&SUPD_SRS=RU&SUPD_CMP=Y&SALE_15=Y
2017-10-06 10:30:03 -  - exec CUpdateClient::GetHTTPPage
2017-10-06 10:30:04 -  - TIME LoadModulesUpdates(request) 0.457 sec
2017-10-06 10:30:04 -  - exec CUpdateClient::ParseServerData
2017-10-06 10:30:04 - S - STEP
2017-10-06 10:30:04 - LMU01 - LoadModulesUpdates-Step
2017-10-06 10:30:04 -  - exec CUpdateClient::LoadModulesUpdates
2017-10-06 10:30:04 -  - exec CUpdateClient::ParseServerData
2017-10-06 10:30:04 -  - loadFile
2017-10-06 10:30:04 - U - RETURN
2017-10-06 10:30:04 -  - exec CUpdateClient::UnGzipArchive
2017-10-06 10:30:04 -  - TIME UnGzipArchive 0.164 sec
2017-10-06 10:30:05 - CSURUS1 - Run updater '/bitrix/updates/update_m1507275004/main/updater17.0.11.php'
2017-10-06 10:30:05 - CRUPDCF1 - Run updater '/bitrix/updates/update_m1507275004/main/updater17.0.11.php': CopyFiles(install/components, components)
2017-10-06 10:30:05 - CRUPDCF1 - Run updater '/bitrix/updates/update_m1507275004/main/updater17.0.11.php': CopyFiles(install/js, js)
2017-10-06 10:30:05 - CRUPDCF1 - Run updater '/bitrix/updates/update_m1507275004/main/updater17.0.11.php': CopyFiles(install/panel, panel)
2017-10-06 10:30:05 - CRUPDCF1 - Run updater '/bitrix/updates/update_m1507275004/main/updater17.0.11.php': CopyFiles(install/css, css)
2017-10-06 10:30:05 -  - TIME UpdateStepModules 0.595 sec
2017-10-06 10:30:05 - UPD_SUCCESS - Updated: main (17.0.11)<br><li>На странице с списком пользователей, в административной панели, подключен новый грид и фильтр. <li>Исправление ошибок.
2017-10-06 10:30:05 -  - exec CUpdateClient::LoadModulesUpdates
2017-10-06 10:30:05 -  - exec CUpdateClient::CollectRequestData
2017-10-06 10:30:05 -  - LICENSE_KEY=X&lang=ru&SUPD_VER=17.1.0&VERSION=17.0.11&TYPENC=D&SUPD_STS=1&SUPD_URS=0&SUPD_DBS=MYSQL&XE=N&CLIENT_SITE=motorlandgroup.ru&CHHB=motorlandgroup.ru&CSAB=188.166.108.34&SUID=8f8d3e74bc5757c6cd3ae706c31e8f8c&CANGZIP=Y&CLIENT_PHPVER=5.4.43&stable=Y&NGINX=Y&rerere=Y&bitm_main=17.0.11&bitm_fileman=17.5.0&bitm_perfmon=17.0.0&bitm_clouds=17.0.0&bitm_search=17.0.1&bitm_compression=16.0.0&bitm_socialservices=17.1.4&bitm_translate=15.0.0&bitm_iblock=17.0.9&bitm_b24connector=17.0.1&bitm_highloadblock=17.0.2&bitm_seo=17.0.6&bitm_bitrixcloud=17.0.0&bitl_en=&bitl_ru=&SUPD_SRS=RU&SUPD_CMP=Y&SALE_15=Y
2017-10-06 10:30:05 -  - exec CUpdateClient::GetHTTPPage
2017-10-06 10:30:06 -  - TIME LoadModulesUpdates(request) 0.336 sec
2017-10-06 10:30:06 -  - exec CUpdateClient::ParseServerData
2017-10-06 10:30:06 - S - STEP
2017-10-06 10:30:06 - LMU01 - LoadModulesUpdates-Step
2017-10-06 10:30:06 -  - exec CUpdateClient::LoadModulesUpdates
2017-10-06 10:30:06 -  - exec CUpdateClient::ParseServerData
2017-10-06 10:30:06 -  - loadFile
2017-10-06 10:30:06 - U - RETURN
2017-10-06 10:30:06 -  - exec CUpdateClient::UnGzipArchive
2017-10-06 10:30:06 -  - TIME UnGzipArchive 0.008 sec
2017-10-06 10:30:06 -  - TIME UpdateStepModules 0.019 sec
2017-10-06 10:30:06 - UPD_SUCCESS - Updated: main (17.0.12)<br><li>Исправление ошибок в проверке системы 
2017-10-06 10:30:07 -  - exec CUpdateClient::LoadModulesUpdates
2017-10-06 10:30:07 -  - exec CUpdateClient::CollectRequestData
2017-10-06 10:30:07 -  - LICENSE_KEY=X&lang=ru&SUPD_VER=17.1.0&VERSION=17.0.12&TYPENC=D&SUPD_STS=1&SUPD_URS=0&SUPD_DBS=MYSQL&XE=N&CLIENT_SITE=motorlandgroup.ru&CHHB=motorlandgroup.ru&CSAB=188.166.108.34&SUID=8f8d3e74bc5757c6cd3ae706c31e8f8c&CANGZIP=Y&CLIENT_PHPVER=5.4.43&stable=Y&NGINX=Y&rerere=Y&bitm_main=17.0.12&bitm_fileman=17.5.0&bitm_perfmon=17.0.0&bitm_clouds=17.0.0&bitm_search=17.0.1&bitm_compression=16.0.0&bitm_socialservices=17.1.4&bitm_translate=15.0.0&bitm_iblock=17.0.9&bitm_b24connector=17.0.1&bitm_highloadblock=17.0.2&bitm_seo=17.0.6&bitm_bitrixcloud=17.0.0&bitl_en=&bitl_ru=&SUPD_SRS=RU&SUPD_CMP=Y&SALE_15=Y
2017-10-06 10:30:07 -  - exec CUpdateClient::GetHTTPPage
2017-10-06 10:30:07 -  - TIME LoadModulesUpdates(request) 0.197 sec
2017-10-06 10:30:07 -  - exec CUpdateClient::ParseServerData
2017-10-06 10:30:07 - S - STEP
2017-10-06 10:30:07 - LMU01 - LoadModulesUpdates-Step
2017-10-06 10:30:07 -  - exec CUpdateClient::LoadModulesUpdates
2017-10-06 10:30:07 -  - exec CUpdateClient::ParseServerData
2017-10-06 10:30:07 -  - loadFile
2017-10-06 10:30:07 - U - RETURN
2017-10-06 10:30:07 -  - exec CUpdateClient::UnGzipArchive
2017-10-06 10:30:07 -  - TIME UnGzipArchive 0.024 sec
2017-10-06 10:30:07 - CSURUS1 - Run updater '/bitrix/updates/update_m1507275007/main/updater17.0.13.php'
2017-10-06 10:30:07 - CRUPDCF1 - Run updater '/bitrix/updates/update_m1507275007/main/updater17.0.13.php': CopyFiles(install/js, js)
2017-10-06 10:30:07 - CRUPDCF1 - Run updater '/bitrix/updates/update_m1507275007/main/updater17.0.13.php': CopyFiles(install/components, components)
2017-10-06 10:30:07 -  - TIME UpdateStepModules 0.036 sec
2017-10-06 10:30:07 - UPD_SUCCESS - Updated: main (17.0.13)<br><li>Добавлено отображение заглушки видео в редакторе. <li>Исправления ошибок в просмотрщике файлов.
2017-10-06 10:30:08 -  - exec CUpdateClient::LoadModulesUpdates
2017-10-06 10:30:08 -  - exec CUpdateClient::CollectRequestData
2017-10-06 10:30:08 -  - LICENSE_KEY=X&lang=ru&SUPD_VER=17.1.0&VERSION=17.0.13&TYPENC=D&SUPD_STS=1&SUPD_URS=0&SUPD_DBS=MYSQL&XE=N&CLIENT_SITE=motorlandgroup.ru&CHHB=motorlandgroup.ru&CSAB=188.166.108.34&SUID=8f8d3e74bc5757c6cd3ae706c31e8f8c&CANGZIP=Y&CLIENT_PHPVER=5.4.43&stable=Y&NGINX=Y&rerere=Y&bitm_main=17.0.13&bitm_fileman=17.5.0&bitm_perfmon=17.0.0&bitm_clouds=17.0.0&bitm_search=17.0.1&bitm_compression=16.0.0&bitm_socialservices=17.1.4&bitm_translate=15.0.0&bitm_iblock=17.0.9&bitm_b24connector=17.0.1&bitm_highloadblock=17.0.2&bitm_seo=17.0.6&bitm_bitrixcloud=17.0.0&bitl_en=&bitl_ru=&SUPD_SRS=RU&SUPD_CMP=Y&SALE_15=Y
2017-10-06 10:30:08 -  - exec CUpdateClient::GetHTTPPage
2017-10-06 10:30:08 -  - TIME LoadModulesUpdates(request) 0.22 sec
2017-10-06 10:30:08 -  - exec CUpdateClient::ParseServerData
2017-10-06 10:30:08 - S - STEP
2017-10-06 10:30:08 - LMU01 - LoadModulesUpdates-Step
2017-10-06 10:30:08 -  - exec CUpdateClient::LoadModulesUpdates
2017-10-06 10:30:08 -  - exec CUpdateClient::ParseServerData
2017-10-06 10:30:08 -  - loadFile
2017-10-06 10:30:08 - U - RETURN
2017-10-06 10:30:08 -  - exec CUpdateClient::UnGzipArchive
2017-10-06 10:30:09 -  - TIME UnGzipArchive 0.368 sec
2017-10-06 10:30:09 - CSURUS1 - Run updater '/bitrix/updates/update_m1507275008/main/updater17.0.14.php'
2017-10-06 10:30:09 - CRUPDCF1 - Run updater '/bitrix/updates/update_m1507275008/main/updater17.0.14.php': CopyFiles(install/components, components)
2017-10-06 10:30:09 - CRUPDCF1 - Run updater '/bitrix/updates/update_m1507275008/main/updater17.0.14.php': CopyFiles(install/js, js)
2017-10-06 10:30:09 - CRUPDCF1 - Run updater '/bitrix/updates/update_m1507275008/main/updater17.0.14.php': CopyFiles(install/tools, tools)
2017-10-06 10:30:09 -  - TIME UpdateStepModules 0.586 sec
2017-10-06 10:30:10 - UPD_SUCCESS - Updated: main (17.0.14)<br><li>Изменения в механизме пользовательских полей. <li>Новый тип поля \"Ссылка\". <li>Новое представление для поля типа \"Список\". <li>Возможность задавать подписи для пользовательских полей типа \"Да/Нет\". 
2017-10-06 10:30:10 -  - exec CUpdateClient::LoadModulesUpdates
2017-10-06 10:30:10 -  - exec CUpdateClient::CollectRequestData
2017-10-06 10:30:10 -  - LICENSE_KEY=X&lang=ru&SUPD_VER=17.1.0&VERSION=17.0.14&TYPENC=D&SUPD_STS=1&SUPD_URS=0&SUPD_DBS=MYSQL&XE=N&CLIENT_SITE=motorlandgroup.ru&CHHB=motorlandgroup.ru&CSAB=188.166.108.34&SUID=8f8d3e74bc5757c6cd3ae706c31e8f8c&CANGZIP=Y&CLIENT_PHPVER=5.4.43&stable=Y&NGINX=Y&rerere=Y&bitm_main=17.0.14&bitm_fileman=17.5.0&bitm_perfmon=17.0.0&bitm_clouds=17.0.0&bitm_search=17.0.1&bitm_compression=16.0.0&bitm_socialservices=17.1.4&bitm_translate=15.0.0&bitm_iblock=17.0.9&bitm_b24connector=17.0.1&bitm_highloadblock=17.0.2&bitm_seo=17.0.6&bitm_bitrixcloud=17.0.0&bitl_en=&bitl_ru=&SUPD_SRS=RU&SUPD_CMP=Y&SALE_15=Y
2017-10-06 10:30:10 -  - exec CUpdateClient::GetHTTPPage
2017-10-06 10:30:10 -  - TIME LoadModulesUpdates(request) 0.226 sec
2017-10-06 10:30:10 -  - exec CUpdateClient::ParseServerData
2017-10-06 10:30:10 - S - STEP
2017-10-06 10:30:10 - LMU01 - LoadModulesUpdates-Step
2017-10-06 10:30:10 -  - exec CUpdateClient::LoadModulesUpdates
2017-10-06 10:30:10 -  - exec CUpdateClient::ParseServerData
2017-10-06 10:30:10 -  - loadFile
2017-10-06 10:30:10 - U - RETURN
2017-10-06 10:30:10 -  - exec CUpdateClient::UnGzipArchive
2017-10-06 10:30:10 -  - TIME UnGzipArchive 0.015 sec
2017-10-06 10:30:10 - CSURUS1 - Run updater '/bitrix/updates/update_m1507275010/main/updater17.0.15.php'
2017-10-06 10:30:10 - CRUPDCF1 - Run updater '/bitrix/updates/update_m1507275010/main/updater17.0.15.php': CopyFiles(install/js, js)
2017-10-06 10:30:10 - CRUPDCF1 - Run updater '/bitrix/updates/update_m1507275010/main/updater17.0.15.php': CopyFiles(install/components, components)
2017-10-06 10:30:10 -  - TIME UpdateStepModules 0.028 sec
2017-10-06 10:30:10 - UPD_SUCCESS - Updated: main (17.0.15)<br><li>Служебные изменения в резервном копировании.
2017-10-06 10:30:10 -  - exec CUpdateClient::LoadModulesUpdates
2017-10-06 10:30:10 -  - exec CUpdateClient::CollectRequestData
2017-10-06 10:30:10 -  - LICENSE_KEY=X&lang=ru&SUPD_VER=17.1.0&VERSION=17.0.15&TYPENC=D&SUPD_STS=1&SUPD_URS=0&SUPD_DBS=MYSQL&XE=N&CLIENT_SITE=motorlandgroup.ru&CHHB=motorlandgroup.ru&CSAB=188.166.108.34&SUID=8f8d3e74bc5757c6cd3ae706c31e8f8c&CANGZIP=Y&CLIENT_PHPVER=5.4.43&stable=Y&NGINX=Y&rerere=Y&bitm_main=17.0.15&bitm_fileman=17.5.0&bitm_perfmon=17.0.0&bitm_clouds=17.0.0&bitm_search=17.0.1&bitm_compression=16.0.0&bitm_socialservices=17.1.4&bitm_translate=15.0.0&bitm_iblock=17.0.9&bitm_b24connector=17.0.1&bitm_highloadblock=17.0.2&bitm_seo=17.0.6&bitm_bitrixcloud=17.0.0&bitl_en=&bitl_ru=&SUPD_SRS=RU&SUPD_CMP=Y&SALE_15=Y
2017-10-06 10:30:10 -  - exec CUpdateClient::GetHTTPPage
2017-10-06 10:30:11 -  - TIME LoadModulesUpdates(request) 0.306 sec
2017-10-06 10:30:11 -  - exec CUpdateClient::ParseServerData
2017-10-06 10:30:11 - S - STEP
2017-10-06 10:30:11 - LMU01 - LoadModulesUpdates-Step
2017-10-06 10:30:11 -  - exec CUpdateClient::LoadModulesUpdates
2017-10-06 10:30:11 -  - exec CUpdateClient::ParseServerData
2017-10-06 10:30:11 -  - loadFile
2017-10-06 10:30:11 - U - RETURN
2017-10-06 10:30:11 -  - exec CUpdateClient::UnGzipArchive
2017-10-06 10:30:11 -  - TIME UnGzipArchive 0.004 sec
2017-10-06 10:30:11 - CSURUS1 - Run updater '/bitrix/updates/update_m1507275011/fileman/updater17.5.1.php'
2017-10-06 10:30:11 - CRUPDCF1 - Run updater '/bitrix/updates/update_m1507275011/fileman/updater17.5.1.php': CopyFiles(install/js, js)
2017-10-06 10:30:11 -  - TIME UpdateStepModules 0.008 sec
2017-10-06 10:30:11 - UPD_SUCCESS - Updated: fileman (17.5.1)<br><li>Добавлено событие OnIframeBeforeGetValue в визуальный редактор. 
2017-10-06 10:30:30 -  - exec CUpdateClient::GetUpdatesList
2017-10-06 10:30:30 -  - exec CUpdateClient::CollectRequestData
2017-10-06 10:30:30 -  - LICENSE_KEY=X&lang=ru&SUPD_VER=17.1.0&VERSION=17.0.15&TYPENC=D&SUPD_STS=1&SUPD_URS=0&SUPD_DBS=MYSQL&XE=N&CLIENT_SITE=motorlandgroup.ru&CHHB=motorlandgroup.ru&CSAB=188.166.108.34&SUID=8f8d3e74bc5757c6cd3ae706c31e8f8c&CANGZIP=Y&CLIENT_PHPVER=5.4.43&stable=Y&NGINX=Y&rerere=Y&bitm_main=17.0.15&bitm_fileman=17.5.1&bitm_perfmon=17.0.0&bitm_clouds=17.0.0&bitm_search=17.0.1&bitm_compression=16.0.0&bitm_socialservices=17.1.4&bitm_translate=15.0.0&bitm_iblock=17.0.9&bitm_b24connector=17.0.1&bitm_highloadblock=17.0.2&bitm_seo=17.0.6&bitm_bitrixcloud=17.0.0&bitl_en=&bitl_ru=&SUPD_SRS=RU&SUPD_CMP=Y&SALE_15=Y
2017-10-06 10:30:30 -  - exec CUpdateClient::GetHTTPPage
2017-10-06 10:30:30 -  - TIME GetUpdatesList(request) 0.276 sec
2017-10-06 10:30:30 -  - exec CUpdateClient::ParseServerData
2017-10-06 10:30:38 -  - exec CUpdateClient::LoadModulesUpdates
2017-10-06 10:30:38 -  - exec CUpdateClient::CollectRequestData
2017-10-06 10:30:38 -  - LICENSE_KEY=X&lang=ru&SUPD_VER=17.1.0&VERSION=17.0.15&TYPENC=D&SUPD_STS=1&SUPD_URS=0&SUPD_DBS=MYSQL&XE=N&CLIENT_SITE=motorlandgroup.ru&CHHB=motorlandgroup.ru&CSAB=188.166.108.34&SUID=8f8d3e74bc5757c6cd3ae706c31e8f8c&CANGZIP=Y&CLIENT_PHPVER=5.4.43&stable=Y&NGINX=Y&rerere=Y&bitm_main=17.0.15&bitm_fileman=17.5.1&bitm_perfmon=17.0.0&bitm_clouds=17.0.0&bitm_search=17.0.1&bitm_compression=16.0.0&bitm_socialservices=17.1.4&bitm_translate=15.0.0&bitm_iblock=17.0.9&bitm_b24connector=17.0.1&bitm_highloadblock=17.0.2&bitm_seo=17.0.6&bitm_bitrixcloud=17.0.0&bitl_en=&bitl_ru=&SUPD_SRS=RU&SUPD_CMP=Y&SALE_15=Y
2017-10-06 10:30:38 -  - exec CUpdateClient::GetHTTPPage
2017-10-06 10:30:38 -  - TIME LoadModulesUpdates(request) 0.32 sec
2017-10-06 10:30:38 -  - exec CUpdateClient::ParseServerData
2017-10-06 10:30:38 - S - STEP
2017-10-06 10:30:38 - LMU01 - LoadModulesUpdates-Step
2017-10-06 10:30:38 -  - exec CUpdateClient::LoadModulesUpdates
2017-10-06 10:30:38 -  - exec CUpdateClient::ParseServerData
2017-10-06 10:30:38 -  - loadFile
2017-10-06 10:30:38 - U - RETURN
2017-10-06 10:30:38 -  - exec CUpdateClient::UnGzipArchive
2017-10-06 10:30:39 -  - TIME UnGzipArchive 0.158 sec
2017-10-06 10:30:39 - CSURUS1 - Run updater '/bitrix/updates/update_m1507275038/fileman/updater17.5.2.php'
2017-10-06 10:30:39 - CRUPDCF1 - Run updater '/bitrix/updates/update_m1507275038/fileman/updater17.5.2.php': CopyFiles(install/components, components)
2017-10-06 10:30:39 - CRUPDCF1 - Run updater '/bitrix/updates/update_m1507275038/fileman/updater17.5.2.php': CopyFiles(install/js, js)
2017-10-06 10:30:39 - CRUPDCF1 - Run updater '/bitrix/updates/update_m1507275038/fileman/updater17.5.2.php': CopyFiles(install/images, images)
2017-10-06 10:30:39 -  - TIME UpdateStepModules 0.271 sec
2017-10-06 10:30:39 - UPD_SUCCESS - Updated: fileman (17.5.2)<br><li>Добавлен новый компонент для просмотра pdf-файлов. <li>Изменения в инициализации плеера. <li>Добавлена загрузка по требованию для плеера. <li>Добавлен автостарт при скролле для плеера.
2017-10-06 10:30:39 -  - exec CUpdateClient::LoadModulesUpdates
2017-10-06 10:30:39 -  - exec CUpdateClient::CollectRequestData
2017-10-06 10:30:39 -  - LICENSE_KEY=X&lang=ru&SUPD_VER=17.1.0&VERSION=17.0.15&TYPENC=D&SUPD_STS=1&SUPD_URS=0&SUPD_DBS=MYSQL&XE=N&CLIENT_SITE=motorlandgroup.ru&CHHB=motorlandgroup.ru&CSAB=188.166.108.34&SUID=8f8d3e74bc5757c6cd3ae706c31e8f8c&CANGZIP=Y&CLIENT_PHPVER=5.4.43&stable=Y&NGINX=Y&rerere=Y&bitm_main=17.0.15&bitm_fileman=17.5.2&bitm_perfmon=17.0.0&bitm_clouds=17.0.0&bitm_search=17.0.1&bitm_compression=16.0.0&bitm_socialservices=17.1.4&bitm_translate=15.0.0&bitm_iblock=17.0.9&bitm_b24connector=17.0.1&bitm_highloadblock=17.0.2&bitm_seo=17.0.6&bitm_bitrixcloud=17.0.0&bitl_en=&bitl_ru=&SUPD_SRS=RU&SUPD_CMP=Y&SALE_15=Y
2017-10-06 10:30:39 -  - exec CUpdateClient::GetHTTPPage
2017-10-06 10:30:39 -  - TIME LoadModulesUpdates(request) 0.267 sec
2017-10-06 10:30:39 -  - exec CUpdateClient::ParseServerData
2017-10-06 10:30:39 - S - STEP
2017-10-06 10:30:39 - LMU01 - LoadModulesUpdates-Step
2017-10-06 10:30:39 -  - exec CUpdateClient::LoadModulesUpdates
2017-10-06 10:30:39 -  - exec CUpdateClient::ParseServerData
2017-10-06 10:30:39 -  - loadFile
2017-10-06 10:30:40 - U - RETURN
2017-10-06 10:30:40 -  - exec CUpdateClient::UnGzipArchive
2017-10-06 10:30:40 -  - TIME UnGzipArchive 0.052 sec
2017-10-06 10:30:40 - CSURUS1 - Run updater '/bitrix/updates/update_m1507275040/iblock/updater17.0.10/index.php'
2017-10-06 10:30:40 - CRUPDCF1 - Run updater '/bitrix/updates/update_m1507275040/iblock/updater17.0.10/index.php': CopyFiles(install/components, components)
2017-10-06 10:30:40 -  - TIME UpdateStepModules 0.1 sec
2017-10-06 10:30:40 - UPD_SUCCESS - Updated: iblock (17.0.10)<br><li>Исправлена ошибка редактирования коэффициентов единиц измерения на административных страницах списков элементов. <li>Исправлена ошибка привязки инфоблока торговых предложений к основному инфоблоку в случае, когда инфоблок торговых предложений хранит свойства в отдельной таблице. <li>Исправлена ошибка выбора разделов собственного инфоблока для свойства типа \"Привязка к разделам с автозаполнением\" в форме редактирования элемента. <li>В компоненте catalog.comments в шаблоне по умолчанию используется новый html-редактор. <li>Исправлены ошибки компонентов catalog.smart.filter, catalog.section. <li>Исправлены ошибки шаблонов по умолчанию компонентов catalog.element, catalog.top. <li>Улучшена производительность шаблонов компонентов catalog.element, catalog.section, catalog.top для свойств с большим числом значений. <li>Улучшена совместимость с PHP 7. <li>В XML-эспорт/импорт добавлена возможность работы с диапазонами цен. <li>Исправлена ошибка привязки к основному разделу при импорте из 1С. <li>Разработчикам: метод \\Bitrix\\Iblock\\Component\\Base::processLinkAction возвращает ответ на аякс-запрос в json-формате. <li>Разработчикам: в методе \\CIBlockElement::GetPropertyValuesArray можно указать перечень возвращаемых полей свойств. <li>Разработчикам: метод \\CAllIBlockSection::GetMixedList поддерживает фильтрацию по ключу CNT_ACTIVE. <li>Разработчикам: в классе \\Bitrix\\Iblock\\Component\\Base можно сохранять рассчитанные цены всех типов. Для включения этой возможности в шаблон необходимо добавить параметр FILL_ITEM_ALL_PRICES типа checkbox. 
2017-10-06 10:30:40 -  - exec CUpdateClient::LoadModulesUpdates
2017-10-06 10:30:40 -  - exec CUpdateClient::CollectRequestData
2017-10-06 10:30:40 -  - LICENSE_KEY=X&lang=ru&SUPD_VER=17.1.0&VERSION=17.0.15&TYPENC=D&SUPD_STS=1&SUPD_URS=0&SUPD_DBS=MYSQL&XE=N&CLIENT_SITE=motorlandgroup.ru&CHHB=motorlandgroup.ru&CSAB=188.166.108.34&SUID=8f8d3e74bc5757c6cd3ae706c31e8f8c&CANGZIP=Y&CLIENT_PHPVER=5.4.43&stable=Y&NGINX=Y&rerere=Y&bitm_main=17.0.15&bitm_fileman=17.5.2&bitm_perfmon=17.0.0&bitm_clouds=17.0.0&bitm_search=17.0.1&bitm_compression=16.0.0&bitm_socialservices=17.1.4&bitm_translate=15.0.0&bitm_iblock=17.0.10&bitm_b24connector=17.0.1&bitm_highloadblock=17.0.2&bitm_seo=17.0.6&bitm_bitrixcloud=17.0.0&bitl_en=&bitl_ru=&SUPD_SRS=RU&SUPD_CMP=Y&SALE_15=Y
2017-10-06 10:30:40 -  - exec CUpdateClient::GetHTTPPage
2017-10-06 10:30:40 -  - TIME LoadModulesUpdates(request) 0.145 sec
2017-10-06 10:30:40 -  - exec CUpdateClient::ParseServerData
2017-10-06 10:30:40 - S - STEP
2017-10-06 10:30:40 - LMU01 - LoadModulesUpdates-Step
2017-10-06 10:30:40 -  - exec CUpdateClient::LoadModulesUpdates
2017-10-06 10:30:40 -  - exec CUpdateClient::ParseServerData
2017-10-06 10:30:40 -  - loadFile
2017-10-06 10:30:40 - U - RETURN
2017-10-06 10:30:40 -  - exec CUpdateClient::UnGzipArchive
2017-10-06 10:30:41 -  - TIME UnGzipArchive 0.054 sec
2017-10-06 10:30:41 - CSURUS1 - Run updater '/bitrix/updates/update_m1507275040/iblock/updater17.0.11/index.php'
2017-10-06 10:30:41 - CRUPDCF1 - Run updater '/bitrix/updates/update_m1507275040/iblock/updater17.0.11/index.php': CopyFiles(install/components, components)
2017-10-06 10:30:41 -  - TIME UpdateStepModules 0.139 sec
2017-10-06 10:30:41 - UPD_SUCCESS - Updated: iblock (17.0.11)<br><li>Изменен интерфейс административной страницы списка инфоблоков. <li>В административной форме редактирования элемента одиночные файловые свойства используют новый файловый загрузчик. <li>В административной форме редактирования раздела изображения используют новый файловый загрузчик. <li>В административном списке элементов исправлена проверка прав для вывода списка групповых действий. <li>Исправлена ошибка строгой проверки разделов при использовании шаблона #SECTION_CODE_PATH#. <li>В компонент catalog.comments добавлена поддержка пользовательских соглашений. Внимание! Для поддержки этой возможности в кастомизированных шаблонах компонент catalog и catalog.element необходимо самостоятельно внести правки. <li>Исправлена ошибка выгрузки количества товара на складах из 1С для редакции \"Малый бизнес\". <li>Исправлены ошибки компонент catalog.section, catalog.top, catalog.search, catalog.link.list, news.mail.list. <li>Исправлены ошибки шаблона по умолчанию компонент catalog.element, catalog.item, catalog.top, catalog.comments. <li>Улучшена производительность компонента catalog.element при большом количестве типов цен. <li>Улучшена производительность компонент catalog.element, catalog.section, catalog.top для инфоблоков с большим количеством значений списочных свойств. <li>Разработчикам: в методы \\CIBlock::GetList, \\CIBlockSection::GetList, \\CIBlockElement::GetList добавлена фильтрация по правам произвольного пользователя. Для использования в фильтр необходимо добавить ключ PERMISSIONS_BY, содержащий ID пользователя.
2017-10-06 10:30:41 -  - exec CUpdateClient::LoadModulesUpdates
2017-10-06 10:30:41 -  - exec CUpdateClient::CollectRequestData
2017-10-06 10:30:41 -  - LICENSE_KEY=X&lang=ru&SUPD_VER=17.1.0&VERSION=17.0.15&TYPENC=D&SUPD_STS=1&SUPD_URS=0&SUPD_DBS=MYSQL&XE=N&CLIENT_SITE=motorlandgroup.ru&CHHB=motorlandgroup.ru&CSAB=188.166.108.34&SUID=8f8d3e74bc5757c6cd3ae706c31e8f8c&CANGZIP=Y&CLIENT_PHPVER=5.4.43&stable=Y&NGINX=Y&rerere=Y&bitm_main=17.0.15&bitm_fileman=17.5.2&bitm_perfmon=17.0.0&bitm_clouds=17.0.0&bitm_search=17.0.1&bitm_compression=16.0.0&bitm_socialservices=17.1.4&bitm_translate=15.0.0&bitm_iblock=17.0.11&bitm_b24connector=17.0.1&bitm_highloadblock=17.0.2&bitm_seo=17.0.6&bitm_bitrixcloud=17.0.0&bitl_en=&bitl_ru=&SUPD_SRS=RU&SUPD_CMP=Y&SALE_15=Y
2017-10-06 10:30:41 -  - exec CUpdateClient::GetHTTPPage
2017-10-06 10:30:41 -  - TIME LoadModulesUpdates(request) 0.142 sec
2017-10-06 10:30:41 -  - exec CUpdateClient::ParseServerData
2017-10-06 10:30:41 - S - STEP
2017-10-06 10:30:41 - LMU01 - LoadModulesUpdates-Step
2017-10-06 10:30:41 -  - exec CUpdateClient::LoadModulesUpdates
2017-10-06 10:30:41 -  - exec CUpdateClient::ParseServerData
2017-10-06 10:30:41 -  - loadFile
2017-10-06 10:30:41 - U - RETURN
2017-10-06 10:30:41 -  - exec CUpdateClient::UnGzipArchive
2017-10-06 10:30:41 -  - TIME UnGzipArchive 0.006 sec
2017-10-06 10:30:41 -  - TIME UpdateStepModules 0.013 sec
2017-10-06 10:30:41 - UPD_SUCCESS - Updated: translate (15.5.0)<br><li>Исправлена ошибка работы настройки \"Конвертировать в национальную кодировку\". <li>Добавлена проверка на формат загружаемых архивов с переводами. <li>Добавлен режим обновления отдельных фраз при загрузке переводов. <li>Исправлена ошибка сохранения данных на странице настроек модуля. <li>Исправлены незначительные ошибки.
2017-10-06 10:30:41 -  - exec CUpdateClient::LoadModulesUpdates
2017-10-06 10:30:41 -  - exec CUpdateClient::CollectRequestData
2017-10-06 10:30:41 -  - LICENSE_KEY=X&lang=ru&SUPD_VER=17.1.0&VERSION=17.0.15&TYPENC=D&SUPD_STS=1&SUPD_URS=0&SUPD_DBS=MYSQL&XE=N&CLIENT_SITE=motorlandgroup.ru&CHHB=motorlandgroup.ru&CSAB=188.166.108.34&SUID=8f8d3e74bc5757c6cd3ae706c31e8f8c&CANGZIP=Y&CLIENT_PHPVER=5.4.43&stable=Y&NGINX=Y&rerere=Y&bitm_main=17.0.15&bitm_fileman=17.5.2&bitm_perfmon=17.0.0&bitm_clouds=17.0.0&bitm_search=17.0.1&bitm_compression=16.0.0&bitm_socialservices=17.1.4&bitm_translate=15.5.0&bitm_iblock=17.0.11&bitm_b24connector=17.0.1&bitm_highloadblock=17.0.2&bitm_seo=17.0.6&bitm_bitrixcloud=17.0.0&bitl_en=&bitl_ru=&SUPD_SRS=RU&SUPD_CMP=Y&SALE_15=Y
2017-10-06 10:30:41 -  - exec CUpdateClient::GetHTTPPage
2017-10-06 10:30:42 -  - TIME LoadModulesUpdates(request) 0.142 sec
2017-10-06 10:30:42 -  - exec CUpdateClient::ParseServerData
2017-10-06 10:30:42 - S - STEP
2017-10-06 10:30:42 - LMU01 - LoadModulesUpdates-Step
2017-10-06 10:30:42 -  - exec CUpdateClient::LoadModulesUpdates
2017-10-06 10:30:42 -  - exec CUpdateClient::ParseServerData
2017-10-06 10:30:42 -  - loadFile
2017-10-06 10:30:42 - U - RETURN
2017-10-06 10:30:42 -  - exec CUpdateClient::UnGzipArchive
2017-10-06 10:30:42 -  - TIME UnGzipArchive 0.001 sec
2017-10-06 10:30:42 -  - TIME UpdateStepModules 0.004 sec
2017-10-06 10:30:42 - UPD_SUCCESS - Updated: seo (17.0.7)<br><li>Исправлена ошибка работы с рекламой Facebook. API для работы с рекламой в Facebook переведено на версию 2.10.
2017-10-06 10:30:42 -  - exec CUpdateClient::LoadModulesUpdates
2017-10-06 10:30:42 -  - exec CUpdateClient::CollectRequestData
2017-10-06 10:30:42 -  - LICENSE_KEY=X&lang=ru&SUPD_VER=17.1.0&VERSION=17.0.15&TYPENC=D&SUPD_STS=1&SUPD_URS=0&SUPD_DBS=MYSQL&XE=N&CLIENT_SITE=motorlandgroup.ru&CHHB=motorlandgroup.ru&CSAB=188.166.108.34&SUID=8f8d3e74bc5757c6cd3ae706c31e8f8c&CANGZIP=Y&CLIENT_PHPVER=5.4.43&stable=Y&NGINX=Y&rerere=Y&bitm_main=17.0.15&bitm_fileman=17.5.2&bitm_perfmon=17.0.0&bitm_clouds=17.0.0&bitm_search=17.0.1&bitm_compression=16.0.0&bitm_socialservices=17.1.4&bitm_translate=15.5.0&bitm_iblock=17.0.11&bitm_b24connector=17.0.1&bitm_highloadblock=17.0.2&bitm_seo=17.0.7&bitm_bitrixcloud=17.0.0&bitl_en=&bitl_ru=&SUPD_SRS=RU&SUPD_CMP=Y&SALE_15=Y
2017-10-06 10:30:42 -  - exec CUpdateClient::GetHTTPPage
2017-10-06 10:30:42 -  - TIME LoadModulesUpdates(request) 0.174 sec
2017-10-06 10:30:42 -  - exec CUpdateClient::ParseServerData
2017-10-06 10:30:42 - S - STEP
2017-10-06 10:30:42 - LMU01 - LoadModulesUpdates-Step
2017-10-06 10:30:42 -  - exec CUpdateClient::LoadModulesUpdates
2017-10-06 10:30:42 -  - exec CUpdateClient::ParseServerData
2017-10-06 10:30:42 -  - loadFile
2017-10-06 10:30:42 - U - RETURN
2017-10-06 10:30:42 -  - exec CUpdateClient::UnGzipArchive
2017-10-06 10:30:42 -  - TIME UnGzipArchive 0.001 sec
2017-10-06 10:30:42 -  - TIME UpdateStepModules 0.003 sec
2017-10-06 10:30:42 - UPD_SUCCESS - Updated: socialservices (17.1.5)<br><li>Исправлена ошибка работоспособности двух форм авторизации через соц. сети на одной странице. <li>Сделана поддержка возможности получения ошибок Facebook при авторизации через Facebook.
2017-10-06 10:30:42 -  - exec CUpdateClient::LoadModulesUpdates
2017-10-06 10:30:42 -  - exec CUpdateClient::CollectRequestData
2017-10-06 10:30:42 -  - LICENSE_KEY=X&lang=ru&SUPD_VER=17.1.0&VERSION=17.0.15&TYPENC=D&SUPD_STS=1&SUPD_URS=0&SUPD_DBS=MYSQL&XE=N&CLIENT_SITE=motorlandgroup.ru&CHHB=motorlandgroup.ru&CSAB=188.166.108.34&SUID=8f8d3e74bc5757c6cd3ae706c31e8f8c&CANGZIP=Y&CLIENT_PHPVER=5.4.43&stable=Y&NGINX=Y&rerere=Y&bitm_main=17.0.15&bitm_fileman=17.5.2&bitm_perfmon=17.0.0&bitm_clouds=17.0.0&bitm_search=17.0.1&bitm_compression=16.0.0&bitm_socialservices=17.1.5&bitm_translate=15.5.0&bitm_iblock=17.0.11&bitm_b24connector=17.0.1&bitm_highloadblock=17.0.2&bitm_seo=17.0.7&bitm_bitrixcloud=17.0.0&bitl_en=&bitl_ru=&SUPD_SRS=RU&SUPD_CMP=Y&SALE_15=Y
2017-10-06 10:30:42 -  - exec CUpdateClient::GetHTTPPage
2017-10-06 10:30:43 -  - TIME LoadModulesUpdates(request) 0.224 sec
2017-10-06 10:30:43 -  - exec CUpdateClient::ParseServerData
2017-10-06 10:30:43 - S - STEP
2017-10-06 10:30:43 - LMU01 - LoadModulesUpdates-Step
2017-10-06 10:30:43 -  - exec CUpdateClient::LoadModulesUpdates
2017-10-06 10:30:43 -  - exec CUpdateClient::ParseServerData
2017-10-06 10:30:43 -  - loadFile
2017-10-06 10:30:43 - U - RETURN
2017-10-06 10:30:43 -  - exec CUpdateClient::UnGzipArchive
2017-10-06 10:30:43 -  - TIME UnGzipArchive 0.014 sec
2017-10-06 10:30:43 - CSURUS1 - Run updater '/bitrix/updates/update_m1507275043/seo/updater17.1.0.php'
2017-10-06 10:30:43 - CRUPDCF1 - Run updater '/bitrix/updates/update_m1507275043/seo/updater17.1.0.php': CopyFiles(install/js, js)
2017-10-06 10:30:43 -  - TIME UpdateStepModules 0.111 sec
2017-10-06 10:30:43 - UPD_SUCCESS - Updated: seo (17.1.0)<br><li>Улучшен вид страницы инструментов для поисковой оптимизации. <li>Улучшена безопасность модуля. <li>Добавлена поддержка сервиса Facebook Lead Ads. <li>Добавлена поддержка сервиса ретаргетинга Google AdWords. <li>Визуальные улучшения окна SEO для страницы.
2017-10-06 10:30:43 -  - exec CUpdateClient::LoadModulesUpdates
2017-10-06 10:30:43 -  - exec CUpdateClient::CollectRequestData
2017-10-06 10:30:43 -  - LICENSE_KEY=X&lang=ru&SUPD_VER=17.1.0&VERSION=17.0.15&TYPENC=D&SUPD_STS=1&SUPD_URS=0&SUPD_DBS=MYSQL&XE=N&CLIENT_SITE=motorlandgroup.ru&CHHB=motorlandgroup.ru&CSAB=188.166.108.34&SUID=8f8d3e74bc5757c6cd3ae706c31e8f8c&CANGZIP=Y&CLIENT_PHPVER=5.4.43&stable=Y&NGINX=Y&rerere=Y&bitm_main=17.0.15&bitm_fileman=17.5.2&bitm_perfmon=17.0.0&bitm_clouds=17.0.0&bitm_search=17.0.1&bitm_compression=16.0.0&bitm_socialservices=17.1.5&bitm_translate=15.5.0&bitm_iblock=17.0.11&bitm_b24connector=17.0.1&bitm_highloadblock=17.0.2&bitm_seo=17.1.0&bitm_bitrixcloud=17.0.0&bitl_en=&bitl_ru=&SUPD_SRS=RU&SUPD_CMP=Y&SALE_15=Y
2017-10-06 10:30:43 -  - exec CUpdateClient::GetHTTPPage
2017-10-06 10:30:43 -  - TIME LoadModulesUpdates(request) 0.281 sec
2017-10-06 10:30:43 -  - exec CUpdateClient::ParseServerData
2017-10-06 10:30:43 - S - STEP
2017-10-06 10:30:43 - LMU01 - LoadModulesUpdates-Step
2017-10-06 10:30:44 -  - exec CUpdateClient::LoadModulesUpdates
2017-10-06 10:30:44 -  - exec CUpdateClient::ParseServerData
2017-10-06 10:30:44 -  - loadFile
2017-10-06 10:30:44 - U - RETURN
2017-10-06 10:30:44 -  - exec CUpdateClient::UnGzipArchive
2017-10-06 10:30:44 -  - TIME UnGzipArchive 0.016 sec
2017-10-06 10:30:44 -  - TIME UpdateStepModules 0.022 sec
2017-10-06 10:30:44 - UPD_SUCCESS - Updated: seo (17.1.1)<br><li>Оптимизация некоторых методов работы с Яндекс.Директом. <li>Исправления работы Яндекс.Вебмастера с кириллическими доменами. <li>Исправления работы Яндекс.Вебмастера с HTTPS-протоколом.
2017-10-06 10:30:44 -  - exec CUpdateClient::LoadModulesUpdates
2017-10-06 10:30:44 -  - exec CUpdateClient::CollectRequestData
2017-10-06 10:30:44 -  - LICENSE_KEY=X&lang=ru&SUPD_VER=17.1.0&VERSION=17.0.15&TYPENC=D&SUPD_STS=1&SUPD_URS=0&SUPD_DBS=MYSQL&XE=N&CLIENT_SITE=motorlandgroup.ru&CHHB=motorlandgroup.ru&CSAB=188.166.108.34&SUID=8f8d3e74bc5757c6cd3ae706c31e8f8c&CANGZIP=Y&CLIENT_PHPVER=5.4.43&stable=Y&NGINX=Y&rerere=Y&bitm_main=17.0.15&bitm_fileman=17.5.2&bitm_perfmon=17.0.0&bitm_clouds=17.0.0&bitm_search=17.0.1&bitm_compression=16.0.0&bitm_socialservices=17.1.5&bitm_translate=15.5.0&bitm_iblock=17.0.11&bitm_b24connector=17.0.1&bitm_highloadblock=17.0.2&bitm_seo=17.1.1&bitm_bitrixcloud=17.0.0&bitl_en=&bitl_ru=&SUPD_SRS=RU&SUPD_CMP=Y&SALE_15=Y
2017-10-06 10:30:44 -  - exec CUpdateClient::GetHTTPPage
2017-10-06 10:30:44 -  - TIME LoadModulesUpdates(request) 0.212 sec
2017-10-06 10:30:44 -  - exec CUpdateClient::ParseServerData
2017-10-06 10:30:44 - S - STEP
2017-10-06 10:30:44 - LMU01 - LoadModulesUpdates-Step
2017-10-06 10:30:44 -  - exec CUpdateClient::LoadModulesUpdates
2017-10-06 10:30:44 -  - exec CUpdateClient::ParseServerData
2017-10-06 10:30:44 -  - loadFile
2017-10-06 10:30:44 - U - RETURN
2017-10-06 10:30:44 -  - exec CUpdateClient::UnGzipArchive
2017-10-06 10:30:44 -  - TIME UnGzipArchive 0.003 sec
2017-10-06 10:30:44 -  - TIME UpdateStepModules 0.003 sec
2017-10-06 10:30:44 - UPD_SUCCESS - Updated: clouds (17.0.1)<br><li>Исправлена ошибка загрузки больших файлов в HotBox.
2017-10-06 10:30:45 -  - exec CUpdateClient::LoadModulesUpdates
2017-10-06 10:30:45 -  - exec CUpdateClient::CollectRequestData
2017-10-06 10:30:45 -  - LICENSE_KEY=X&lang=ru&SUPD_VER=17.1.0&VERSION=17.0.15&TYPENC=D&SUPD_STS=1&SUPD_URS=0&SUPD_DBS=MYSQL&XE=N&CLIENT_SITE=motorlandgroup.ru&CHHB=motorlandgroup.ru&CSAB=188.166.108.34&SUID=8f8d3e74bc5757c6cd3ae706c31e8f8c&CANGZIP=Y&CLIENT_PHPVER=5.4.43&stable=Y&NGINX=Y&rerere=Y&bitm_main=17.0.15&bitm_fileman=17.5.2&bitm_perfmon=17.0.0&bitm_clouds=17.0.1&bitm_search=17.0.1&bitm_compression=16.0.0&bitm_socialservices=17.1.5&bitm_translate=15.5.0&bitm_iblock=17.0.11&bitm_b24connector=17.0.1&bitm_highloadblock=17.0.2&bitm_seo=17.1.1&bitm_bitrixcloud=17.0.0&bitl_en=&bitl_ru=&SUPD_SRS=RU&SUPD_CMP=Y&SALE_15=Y
2017-10-06 10:30:45 -  - exec CUpdateClient::GetHTTPPage
2017-10-06 10:30:45 -  - TIME LoadModulesUpdates(request) 0.267 sec
2017-10-06 10:30:45 -  - exec CUpdateClient::ParseServerData
2017-10-06 10:30:45 - S - STEP
2017-10-06 10:30:45 - LMU01 - LoadModulesUpdates-Step
2017-10-06 10:30:45 -  - exec CUpdateClient::LoadModulesUpdates
2017-10-06 10:30:45 -  - exec CUpdateClient::ParseServerData
2017-10-06 10:30:45 -  - loadFile
2017-10-06 10:30:45 - U - RETURN
2017-10-06 10:30:45 -  - exec CUpdateClient::UnGzipArchive
2017-10-06 10:30:45 -  - TIME UnGzipArchive 0.002 sec
2017-10-06 10:30:45 - CSURUS1 - Run updater '/bitrix/updates/update_m1507275045/bitrixcloud/updater17.0.1.php'
2017-10-06 10:30:45 - CRUPDCF1 - Run updater '/bitrix/updates/update_m1507275045/bitrixcloud/updater17.0.1.php': CopyFiles(install/components, components)
2017-10-06 10:30:45 -  - TIME UpdateStepModules 0.009 sec
2017-10-06 10:30:45 - UPD_SUCCESS - Updated: bitrixcloud (17.0.1)<br><li>Убрана индикация расхода трафика CDN. <li>Улучшена совместимость с php 7.0. 
2017-10-06 10:30:45 -  - exec CUpdateClient::LoadModulesUpdates
2017-10-06 10:30:45 -  - exec CUpdateClient::CollectRequestData
2017-10-06 10:30:45 -  - LICENSE_KEY=X&lang=ru&SUPD_VER=17.1.0&VERSION=17.0.15&TYPENC=D&SUPD_STS=1&SUPD_URS=0&SUPD_DBS=MYSQL&XE=N&CLIENT_SITE=motorlandgroup.ru&CHHB=motorlandgroup.ru&CSAB=188.166.108.34&SUID=8f8d3e74bc5757c6cd3ae706c31e8f8c&CANGZIP=Y&CLIENT_PHPVER=5.4.43&stable=Y&NGINX=Y&rerere=Y&bitm_main=17.0.15&bitm_fileman=17.5.2&bitm_perfmon=17.0.0&bitm_clouds=17.0.1&bitm_search=17.0.1&bitm_compression=16.0.0&bitm_socialservices=17.1.5&bitm_translate=15.5.0&bitm_iblock=17.0.11&bitm_b24connector=17.0.1&bitm_highloadblock=17.0.2&bitm_seo=17.1.1&bitm_bitrixcloud=17.0.1&bitl_en=&bitl_ru=&SUPD_SRS=RU&SUPD_CMP=Y&SALE_15=Y
2017-10-06 10:30:45 -  - exec CUpdateClient::GetHTTPPage
2017-10-06 10:30:45 -  - TIME LoadModulesUpdates(request) 0.233 sec
2017-10-06 10:30:45 -  - exec CUpdateClient::ParseServerData
2017-10-06 10:30:45 - S - STEP
2017-10-06 10:30:45 - LMU01 - LoadModulesUpdates-Step
2017-10-06 10:30:46 -  - exec CUpdateClient::LoadModulesUpdates
2017-10-06 10:30:46 -  - exec CUpdateClient::ParseServerData
2017-10-06 10:30:46 -  - loadFile
2017-10-06 10:30:46 - U - RETURN
2017-10-06 10:30:46 -  - exec CUpdateClient::UnGzipArchive
2017-10-06 10:30:46 -  - TIME UnGzipArchive 0.019 sec
2017-10-06 10:30:46 -  - TIME UpdateStepModules 0.022 sec
2017-10-06 10:30:46 - UPD_SUCCESS - Updated: scale ()
2017-10-06 10:30:46 -  - exec CUpdateClient::LoadModulesUpdates
2017-10-06 10:30:46 -  - exec CUpdateClient::CollectRequestData
2017-10-06 10:30:46 -  - LICENSE_KEY=X&lang=ru&SUPD_VER=17.1.0&VERSION=17.0.15&TYPENC=D&SUPD_STS=1&SUPD_URS=0&SUPD_DBS=MYSQL&XE=N&CLIENT_SITE=motorlandgroup.ru&CHHB=motorlandgroup.ru&CSAB=188.166.108.34&SUID=8f8d3e74bc5757c6cd3ae706c31e8f8c&CANGZIP=Y&CLIENT_PHPVER=5.4.43&stable=Y&NGINX=Y&rerere=Y&bitm_main=17.0.15&bitm_scale=14.5.0&bitm_fileman=17.5.2&bitm_perfmon=17.0.0&bitm_clouds=17.0.1&bitm_search=17.0.1&bitm_compression=16.0.0&bitm_socialservices=17.1.5&bitm_translate=15.5.0&bitm_iblock=17.0.11&bitm_b24connector=17.0.1&bitm_highloadblock=17.0.2&bitm_seo=17.1.1&bitm_bitrixcloud=17.0.1&bitl_en=&bitl_ru=&SUPD_SRS=RU&SUPD_CMP=Y&SALE_15=Y
2017-10-06 10:30:46 -  - exec CUpdateClient::GetHTTPPage
2017-10-06 10:30:47 -  - TIME LoadModulesUpdates(request) 0.196 sec
2017-10-06 10:30:47 -  - exec CUpdateClient::ParseServerData
2017-10-06 10:30:47 - S - STEP
2017-10-06 10:30:47 - LMU01 - LoadModulesUpdates-Step
2017-10-06 10:30:47 -  - exec CUpdateClient::LoadModulesUpdates
2017-10-06 10:30:47 -  - exec CUpdateClient::ParseServerData
2017-10-06 10:30:47 -  - loadFile
2017-10-06 10:30:47 - U - RETURN
2017-10-06 10:30:47 -  - exec CUpdateClient::UnGzipArchive
2017-10-06 10:30:47 -  - TIME UnGzipArchive 0.015 sec
2017-10-06 10:30:47 - CSURUS1 - Run updater '/bitrix/updates/update_m1507275047/scale/updater14.5.1.php'
2017-10-06 10:30:47 -  - TIME UpdateStepModules 0.017 sec
2017-10-06 10:30:47 - UPD_SUCCESS - Updated: scale (14.5.1)<br><li>Добавлена проверка типа базы. <li>Добавлена возможность выводить время до окончания действия. <li>Добавлена роль Apache. <li>Добавлена возможность двухшаговой генерации действий. <li>Добавлена возможность модифицировать действия, запрашивать параметры у пользователя в случае необходимости. <li>Добавлено окно подтверждения при действиях с БД, если есть базы, кроме базы текущего сайта. <li>Добавлена роль Sphinx. <li>Добавлено предупреждение, если в данный момент уже есть запущеное действие. <li>Исправлены незначительные ошибки. 
2017-10-06 10:30:47 -  - exec CUpdateClient::LoadModulesUpdates
2017-10-06 10:30:47 -  - exec CUpdateClient::CollectRequestData
2017-10-06 10:30:47 -  - LICENSE_KEY=X&lang=ru&SUPD_VER=17.1.0&VERSION=17.0.15&TYPENC=D&SUPD_STS=1&SUPD_URS=0&SUPD_DBS=MYSQL&XE=N&CLIENT_SITE=motorlandgroup.ru&CHHB=motorlandgroup.ru&CSAB=188.166.108.34&SUID=8f8d3e74bc5757c6cd3ae706c31e8f8c&CANGZIP=Y&CLIENT_PHPVER=5.4.43&stable=Y&NGINX=Y&rerere=Y&bitm_main=17.0.15&bitm_scale=14.5.1&bitm_fileman=17.5.2&bitm_perfmon=17.0.0&bitm_clouds=17.0.1&bitm_search=17.0.1&bitm_compression=16.0.0&bitm_socialservices=17.1.5&bitm_translate=15.5.0&bitm_iblock=17.0.11&bitm_b24connector=17.0.1&bitm_highloadblock=17.0.2&bitm_seo=17.1.1&bitm_bitrixcloud=17.0.1&bitl_en=&bitl_ru=&SUPD_SRS=RU&SUPD_CMP=Y&SALE_15=Y
2017-10-06 10:30:47 -  - exec CUpdateClient::GetHTTPPage
2017-10-06 10:30:47 -  - TIME LoadModulesUpdates(request) 0.262 sec
2017-10-06 10:30:47 -  - exec CUpdateClient::ParseServerData
2017-10-06 10:30:47 - S - STEP
2017-10-06 10:30:47 - LMU01 - LoadModulesUpdates-Step
2017-10-06 10:30:47 -  - exec CUpdateClient::LoadModulesUpdates
2017-10-06 10:30:47 -  - exec CUpdateClient::ParseServerData
2017-10-06 10:30:47 -  - loadFile
2017-10-06 10:30:47 - U - RETURN
2017-10-06 10:30:47 -  - exec CUpdateClient::UnGzipArchive
2017-10-06 10:30:47 -  - TIME UnGzipArchive 0.018 sec
2017-10-06 10:30:47 - CSURUS1 - Run updater '/bitrix/updates/update_m1507275047/scale/updater14.5.2.php'
2017-10-06 10:30:47 -  - TIME UpdateStepModules 0.018 sec
2017-10-06 10:30:47 - UPD_SUCCESS - Updated: scale (14.5.2)<br><li>Добавлена возможность работы с провайдерами VPS. <li>Добавлены графики, градусники для ролей memcached, sphinx. <li>Исправлены незначительные ошибки.
2017-10-06 10:30:48 -  - exec CUpdateClient::LoadModulesUpdates
2017-10-06 10:30:48 -  - exec CUpdateClient::CollectRequestData
2017-10-06 10:30:48 -  - LICENSE_KEY=X&lang=ru&SUPD_VER=17.1.0&VERSION=17.0.15&TYPENC=D&SUPD_STS=1&SUPD_URS=0&SUPD_DBS=MYSQL&XE=N&CLIENT_SITE=motorlandgroup.ru&CHHB=motorlandgroup.ru&CSAB=188.166.108.34&SUID=8f8d3e74bc5757c6cd3ae706c31e8f8c&CANGZIP=Y&CLIENT_PHPVER=5.4.43&stable=Y&NGINX=Y&rerere=Y&bitm_main=17.0.15&bitm_scale=14.5.2&bitm_fileman=17.5.2&bitm_perfmon=17.0.0&bitm_clouds=17.0.1&bitm_search=17.0.1&bitm_compression=16.0.0&bitm_socialservices=17.1.5&bitm_translate=15.5.0&bitm_iblock=17.0.11&bitm_b24connector=17.0.1&bitm_highloadblock=17.0.2&bitm_seo=17.1.1&bitm_bitrixcloud=17.0.1&bitl_en=&bitl_ru=&SUPD_SRS=RU&SUPD_CMP=Y&SALE_15=Y
2017-10-06 10:30:48 -  - exec CUpdateClient::GetHTTPPage
2017-10-06 10:30:48 -  - TIME LoadModulesUpdates(request) 0.208 sec
2017-10-06 10:30:48 -  - exec CUpdateClient::ParseServerData
2017-10-06 10:30:48 - S - STEP
2017-10-06 10:30:48 - LMU01 - LoadModulesUpdates-Step
2017-10-06 10:30:48 -  - exec CUpdateClient::LoadModulesUpdates
2017-10-06 10:30:48 -  - exec CUpdateClient::ParseServerData
2017-10-06 10:30:48 -  - loadFile
2017-10-06 10:30:48 - U - RETURN
2017-10-06 10:30:48 -  - exec CUpdateClient::UnGzipArchive
2017-10-06 10:30:48 -  - TIME UnGzipArchive 0.011 sec
2017-10-06 10:30:48 - CSURUS1 - Run updater '/bitrix/updates/update_m1507275048/scale/updater16.0.0.php'
2017-10-06 10:30:48 -  - TIME UpdateStepModules 0.011 sec
2017-10-06 10:30:48 - UPD_SUCCESS - Updated: scale (16.0.0)<br><li>Добавлены переводы на украинский язык. <li>Исправлена ошибка, при которой не работала настройка почты для сайта. <li>Исправлена ошибка, при которой не создавался дополнительный сайт. 
2017-10-06 10:30:48 -  - exec CUpdateClient::LoadModulesUpdates
2017-10-06 10:30:48 -  - exec CUpdateClient::CollectRequestData
2017-10-06 10:30:48 -  - LICENSE_KEY=X&lang=ru&SUPD_VER=17.1.0&VERSION=17.0.15&TYPENC=D&SUPD_STS=1&SUPD_URS=0&SUPD_DBS=MYSQL&XE=N&CLIENT_SITE=motorlandgroup.ru&CHHB=motorlandgroup.ru&CSAB=188.166.108.34&SUID=8f8d3e74bc5757c6cd3ae706c31e8f8c&CANGZIP=Y&CLIENT_PHPVER=5.4.43&stable=Y&NGINX=Y&rerere=Y&bitm_main=17.0.15&bitm_scale=16.0.0&bitm_fileman=17.5.2&bitm_perfmon=17.0.0&bitm_clouds=17.0.1&bitm_search=17.0.1&bitm_compression=16.0.0&bitm_socialservices=17.1.5&bitm_translate=15.5.0&bitm_iblock=17.0.11&bitm_b24connector=17.0.1&bitm_highloadblock=17.0.2&bitm_seo=17.1.1&bitm_bitrixcloud=17.0.1&bitl_en=&bitl_ru=&SUPD_SRS=RU&SUPD_CMP=Y&SALE_15=Y
2017-10-06 10:30:48 -  - exec CUpdateClient::GetHTTPPage
2017-10-06 10:30:48 -  - TIME LoadModulesUpdates(request) 0.216 sec
2017-10-06 10:30:48 -  - exec CUpdateClient::ParseServerData
2017-10-06 10:30:48 - S - STEP
2017-10-06 10:30:48 - LMU01 - LoadModulesUpdates-Step
2017-10-06 10:30:49 -  - exec CUpdateClient::LoadModulesUpdates
2017-10-06 10:30:49 -  - exec CUpdateClient::ParseServerData
2017-10-06 10:30:49 -  - loadFile
2017-10-06 10:30:49 - U - RETURN
2017-10-06 10:30:49 -  - exec CUpdateClient::UnGzipArchive
2017-10-06 10:30:49 -  - TIME UnGzipArchive 0.002 sec
2017-10-06 10:30:49 -  - TIME UpdateStepModules 0.002 sec
2017-10-06 10:30:49 - UPD_SUCCESS - Updated: scale (16.5.0)<br><li>Исправлена ошибка, при которой в панели управления показывались не все данные об использовании ресурсов.
2017-10-06 10:30:49 -  - exec CUpdateClient::LoadModulesUpdates
2017-10-06 10:30:49 -  - exec CUpdateClient::CollectRequestData
2017-10-06 10:30:49 -  - LICENSE_KEY=X&lang=ru&SUPD_VER=17.1.0&VERSION=17.0.15&TYPENC=D&SUPD_STS=1&SUPD_URS=0&SUPD_DBS=MYSQL&XE=N&CLIENT_SITE=motorlandgroup.ru&CHHB=motorlandgroup.ru&CSAB=188.166.108.34&SUID=8f8d3e74bc5757c6cd3ae706c31e8f8c&CANGZIP=Y&CLIENT_PHPVER=5.4.43&stable=Y&NGINX=Y&rerere=Y&bitm_main=17.0.15&bitm_scale=16.5.0&bitm_fileman=17.5.2&bitm_perfmon=17.0.0&bitm_clouds=17.0.1&bitm_search=17.0.1&bitm_compression=16.0.0&bitm_socialservices=17.1.5&bitm_translate=15.5.0&bitm_iblock=17.0.11&bitm_b24connector=17.0.1&bitm_highloadblock=17.0.2&bitm_seo=17.1.1&bitm_bitrixcloud=17.0.1&bitl_en=&bitl_ru=&SUPD_SRS=RU&SUPD_CMP=Y&SALE_15=Y
2017-10-06 10:30:49 -  - exec CUpdateClient::GetHTTPPage
2017-10-06 10:30:49 -  - TIME LoadModulesUpdates(request) 0.258 sec
2017-10-06 10:30:49 -  - exec CUpdateClient::ParseServerData
2017-10-06 10:30:49 - S - STEP
2017-10-06 10:30:49 - LMU01 - LoadModulesUpdates-Step
2017-10-06 10:30:49 -  - exec CUpdateClient::LoadModulesUpdates
2017-10-06 10:30:49 -  - exec CUpdateClient::ParseServerData
2017-10-06 10:30:49 -  - loadFile
2017-10-06 10:30:49 - U - RETURN
2017-10-06 10:30:49 -  - exec CUpdateClient::UnGzipArchive
2017-10-06 10:30:49 -  - TIME UnGzipArchive 0.002 sec
2017-10-06 10:30:49 -  - TIME UpdateStepModules 0.004 sec
2017-10-06 10:30:49 - UPD_SUCCESS - Updated: scale (17.0.0)<br><li>Незначительные правки. 
2017-10-06 10:30:49 -  - exec CUpdateClient::LoadModulesUpdates
2017-10-06 10:30:49 -  - exec CUpdateClient::CollectRequestData
2017-10-06 10:30:49 -  - LICENSE_KEY=X&lang=ru&SUPD_VER=17.1.0&VERSION=17.0.15&TYPENC=D&SUPD_STS=1&SUPD_URS=0&SUPD_DBS=MYSQL&XE=N&CLIENT_SITE=motorlandgroup.ru&CHHB=motorlandgroup.ru&CSAB=188.166.108.34&SUID=8f8d3e74bc5757c6cd3ae706c31e8f8c&CANGZIP=Y&CLIENT_PHPVER=5.4.43&stable=Y&NGINX=Y&rerere=Y&bitm_main=17.0.15&bitm_scale=17.0.0&bitm_fileman=17.5.2&bitm_perfmon=17.0.0&bitm_clouds=17.0.1&bitm_search=17.0.1&bitm_compression=16.0.0&bitm_socialservices=17.1.5&bitm_translate=15.5.0&bitm_iblock=17.0.11&bitm_b24connector=17.0.1&bitm_highloadblock=17.0.2&bitm_seo=17.1.1&bitm_bitrixcloud=17.0.1&bitl_en=&bitl_ru=&SUPD_SRS=RU&SUPD_CMP=Y&SALE_15=Y
2017-10-06 10:30:49 -  - exec CUpdateClient::GetHTTPPage
2017-10-06 10:30:50 -  - TIME LoadModulesUpdates(request) 0.246 sec
2017-10-06 10:30:50 -  - exec CUpdateClient::ParseServerData
2017-10-06 10:30:50 - STEP - Finish - NOUPDATES
2017-10-06 10:30:50 - STEP - Finish - NOUPDATES
2017-10-06 10:30:53 -  - exec CUpdateClient::GetUpdatesList
2017-10-06 10:30:53 -  - exec CUpdateClient::CollectRequestData
2017-10-06 10:30:53 -  - LICENSE_KEY=X&lang=ru&SUPD_VER=17.1.0&VERSION=17.0.15&TYPENC=D&SUPD_STS=1&SUPD_URS=0&SUPD_DBS=MYSQL&XE=N&CLIENT_SITE=motorlandgroup.ru&CHHB=motorlandgroup.ru&CSAB=188.166.108.34&SUID=8f8d3e74bc5757c6cd3ae706c31e8f8c&CANGZIP=Y&CLIENT_PHPVER=5.4.43&stable=Y&NGINX=Y&rerere=Y&bitm_main=17.0.15&bitm_scale=17.0.0&bitm_fileman=17.5.2&bitm_perfmon=17.0.0&bitm_clouds=17.0.1&bitm_search=17.0.1&bitm_compression=16.0.0&bitm_socialservices=17.1.5&bitm_translate=15.5.0&bitm_iblock=17.0.11&bitm_b24connector=17.0.1&bitm_highloadblock=17.0.2&bitm_seo=17.1.1&bitm_bitrixcloud=17.0.1&bitl_en=&bitl_ru=&SUPD_SRS=RU&SUPD_CMP=Y&SALE_15=Y
2017-10-06 10:30:53 -  - exec CUpdateClient::GetHTTPPage
2017-10-06 10:30:53 -  - TIME GetUpdatesList(request) 0.141 sec
2017-10-06 10:30:53 -  - exec CUpdateClient::ParseServerData
2017-10-06 10:30:57 -  - exec CUpdateClient::RegisterVersion
2017-10-06 10:30:57 -  - exec CUpdateClient::CollectRequestData
2017-10-06 10:30:57 -  - LICENSE_KEY=X&lang=ru&SUPD_VER=17.1.0&VERSION=17.0.15&TYPENC=D&SUPD_STS=1&SUPD_URS=0&SUPD_DBS=MYSQL&XE=N&CLIENT_SITE=motorlandgroup.ru&CHHB=motorlandgroup.ru&CSAB=188.166.108.34&SUID=8f8d3e74bc5757c6cd3ae706c31e8f8c&CANGZIP=Y&CLIENT_PHPVER=5.4.43&stable=Y&NGINX=Y&rerere=Y&bitm_main=17.0.15&bitm_scale=17.0.0&bitm_fileman=17.5.2&bitm_perfmon=17.0.0&bitm_clouds=17.0.1&bitm_search=17.0.1&bitm_compression=16.0.0&bitm_socialservices=17.1.5&bitm_translate=15.5.0&bitm_iblock=17.0.11&bitm_b24connector=17.0.1&bitm_highloadblock=17.0.2&bitm_seo=17.1.1&bitm_bitrixcloud=17.0.1&bitl_en=&bitl_ru=&SUPD_SRS=RU&SUPD_CMP=Y&SALE_15=Y&query_type=register
2017-10-06 10:30:57 -  - exec CUpdateClient::GetHTTPPage
2017-10-06 10:30:58 -  - TIME RegisterVersion(request) 0.24 sec
2017-10-06 10:30:58 -  - exec CUpdateClient::UnGzipArchive
2017-10-06 10:30:58 -  - TIME UnGzipArchive 0.001 sec
2017-10-06 10:30:58 -  - exec CUpdateClient::ParseServerData
2017-10-06 10:30:58 - CURV - Product registered successfully!
2017-10-06 10:30:58 - UPD_SUCCESS - Registered
